[2025-11-10 01:22:50.505] [SYSTEM] [INFO] Client connected to WebSocket | Data: {"client": "FQEPPQLzkrgzAyRfAAAB"}
[2025-11-10 01:22:54.090] [SYSTEM] [INFO] Client connected to WebSocket | Data: {"client": "3xESC0y1fmp3lTfvAAAD"}
[2025-11-10 01:23:18.425] [SYSTEM] [INFO] User initiated simulation start | Data: {"action": "start_simulation"}
[2025-11-10 01:23:18.428] [SIMULATION] [INFO] === EVSE P-DoS SIMULATION STARTED === | Data: {"total_stages": 5}
[2025-11-10 01:23:18.430] [SIMULATION] [INFO] >>> STAGE 0: Normal Şarj <<< | Data: {"stage": 0, "duration": 20}
[2025-11-10 01:23:18.432] [CAN] [INFO] TX: ID=0x1F0 DLC=8 Data=[84, 0, 25, 0, 0, 0, 0, 0] | Data: {"message": {"id": "0x1F0", "dlc": 8, "data": [84, 0, 25, 0, 0, 0, 0, 0], "status": "TX", "blocked": false}}
[2025-11-10 01:23:18.435] [CAN] [INFO] TX: ID=0x100 DLC=8 Data=[0, 0, 0, 0, 0, 0, 0, 0] | Data: {"message": {"id": "0x100", "dlc": 8, "data": [0, 0, 0, 0, 0, 0, 0, 0], "status": "TX", "blocked": false}}
[2025-11-10 01:23:18.438] [CAN] [INFO] TX: ID=0x200 DLC=8 Data=[80, 0, 0, 0, 0, 0, 0, 0] | Data: {"message": {"id": "0x200", "dlc": 8, "data": [80, 0, 0, 0, 0, 0, 0, 0], "status": "TX", "blocked": false}}
[2025-11-10 01:23:18.440] [GPS] [INFO] Vehicle stationary at (41.008200, 28.978400), SoC: 85.5% | Data: {"lat": 41.0082, "lon": 28.9784, "speed": 0, "soc": 85.5}
[2025-11-10 01:23:18.444] [SIMULATION] [INFO] Stage 0: Normal charging - SoC: 85.3%, Power: 7.4 kW | Data: {"stage": 0, "vehicle": {"speed": 0, "rpm": 0, "battery_soc": 85.3, "battery_temp": 25, "motor_temp": 25, "gear": "P", "warnings": {"check_engine": false, "abs": false, "airbag": false, "battery": false, "traction": false, "oil": false}, "dtc_codes": []}, "evse": {"status": "CHARGING", "power": 7.4, "voltage": 400, "current": 18.5, "energy": 0.002, "temperature": 28.596982929476212, "firmware": "v1.2.4", "compromised": false}}
[2025-11-10 01:23:18.446] [GPS] [INFO] Vehicle stationary at (41.008200, 28.978400), SoC: 86.0% | Data: {"lat": 41.0082, "lon": 28.9784, "speed": 0, "soc": 86.0}
[2025-11-10 01:23:18.949] [OCPP] [INFO] TX → CSMS: Heartbeat from EVSE-001 | Data: {"message_type": "Heartbeat", "evse_id": "EVSE-001"}
[2025-11-10 01:23:18.951] [OCPP] [INFO] TX → CSMS: MeterValues - SoC: 85.6%, Power: 7.4 kW | Data: {"message_type": "MeterValues", "soc": 85.6, "power": 7.4}
[2025-11-10 01:23:18.954] [CAN] [INFO] TX: ID=0x1F0 DLC=8 Data=[83, 0, 24, 0, 0, 0, 0, 0] | Data: {"message": {"id": "0x1F0", "dlc": 8, "data": [83, 0, 24, 0, 0, 0, 0, 0], "status": "TX", "blocked": false}}
[2025-11-10 01:23:18.959] [CAN] [INFO] TX: ID=0x100 DLC=8 Data=[0, 0, 0, 0, 0, 0, 0, 0] | Data: {"message": {"id": "0x100", "dlc": 8, "data": [0, 0, 0, 0, 0, 0, 0, 0], "status": "TX", "blocked": false}}
[2025-11-10 01:23:18.961] [CAN] [INFO] TX: ID=0x200 DLC=8 Data=[80, 0, 0, 0, 0, 0, 0, 0] | Data: {"message": {"id": "0x200", "dlc": 8, "data": [80, 0, 0, 0, 0, 0, 0, 0], "status": "TX", "blocked": false}}
[2025-11-10 01:23:18.963] [GPS] [INFO] Vehicle stationary at (41.008200, 28.978400), SoC: 86.5% | Data: {"lat": 41.0082, "lon": 28.9784, "speed": 0, "soc": 86.5}
[2025-11-10 01:23:18.965] [SIMULATION] [INFO] Stage 0: Normal charging - SoC: 85.6%, Power: 7.4 kW | Data: {"stage": 0, "vehicle": {"speed": 0, "rpm": 0, "battery_soc": 85.6, "battery_temp": 25, "motor_temp": 25, "gear": "P", "warnings": {"check_engine": false, "abs": false, "airbag": false, "battery": false, "traction": false, "oil": false}, "dtc_codes": []}, "evse": {"status": "CHARGING", "power": 7.4, "voltage": 400, "current": 18.5, "energy": 0.004, "temperature": 30.484955220545736, "firmware": "v1.2.4", "compromised": false}}
[2025-11-10 01:23:18.966] [GPS] [INFO] Vehicle stationary at (41.008200, 28.978400), SoC: 87.0% | Data: {"lat": 41.0082, "lon": 28.9784, "speed": 0, "soc": 87.0}
[2025-11-10 01:23:19.471] [CAN] [INFO] TX: ID=0x1F0 DLC=8 Data=[82, 0, 24, 0, 0, 0, 0, 0] | Data: {"message": {"id": "0x1F0", "dlc": 8, "data": [82, 0, 24, 0, 0, 0, 0, 0], "status": "TX", "blocked": false}}
[2025-11-10 01:23:19.474] [CAN] [INFO] TX: ID=0x100 DLC=8 Data=[0, 0, 0, 0, 0, 0, 0, 0] | Data: {"message": {"id": "0x100", "dlc": 8, "data": [0, 0, 0, 0, 0, 0, 0, 0], "status": "TX", "blocked": false}}
[2025-11-10 01:23:19.476] [CAN] [INFO] TX: ID=0x200 DLC=8 Data=[80, 0, 0, 0, 0, 0, 0, 0] | Data: {"message": {"id": "0x200", "dlc": 8, "data": [80, 0, 0, 0, 0, 0, 0, 0], "status": "TX", "blocked": false}}
[2025-11-10 01:23:19.477] [GPS] [INFO] Vehicle stationary at (41.008200, 28.978400), SoC: 87.5% | Data: {"lat": 41.0082, "lon": 28.9784, "speed": 0, "soc": 87.5}
[2025-11-10 01:23:19.480] [SIMULATION] [INFO] Stage 0: Normal charging - SoC: 85.9%, Power: 7.4 kW | Data: {"stage": 0, "vehicle": {"speed": 0, "rpm": 0, "battery_soc": 85.89999999999999, "battery_temp": 25, "motor_temp": 25, "gear": "P", "warnings": {"check_engine": false, "abs": false, "airbag": false, "battery": false, "traction": false, "oil": false}, "dtc_codes": []}, "evse": {"status": "CHARGING", "power": 7.4, "voltage": 400, "current": 18.5, "energy": 0.006, "temperature": 31.15086360396552, "firmware": "v1.2.4", "compromised": false}}
[2025-11-10 01:23:19.482] [GPS] [INFO] Vehicle stationary at (41.008200, 28.978400), SoC: 88.0% | Data: {"lat": 41.0082, "lon": 28.9784, "speed": 0, "soc": 88.0}
[2025-11-10 01:23:19.984] [OCPP] [INFO] TX → CSMS: MeterValues - SoC: 86.19999999999999%, Power: 7.4 kW | Data: {"message_type": "MeterValues", "soc": 86.19999999999999, "power": 7.4}
[2025-11-10 01:23:19.986] [CAN] [INFO] TX: ID=0x1F0 DLC=8 Data=[89, 0, 26, 0, 0, 0, 0, 0] | Data: {"message": {"id": "0x1F0", "dlc": 8, "data": [89, 0, 26, 0, 0, 0, 0, 0], "status": "TX", "blocked": false}}
[2025-11-10 01:23:19.987] [CAN] [INFO] TX: ID=0x100 DLC=8 Data=[0, 0, 0, 0, 0, 0, 0, 0] | Data: {"message": {"id": "0x100", "dlc": 8, "data": [0, 0, 0, 0, 0, 0, 0, 0], "status": "TX", "blocked": false}}
[2025-11-10 01:23:19.989] [CAN] [INFO] TX: ID=0x200 DLC=8 Data=[80, 0, 0, 0, 0, 0, 0, 0] | Data: {"message": {"id": "0x200", "dlc": 8, "data": [80, 0, 0, 0, 0, 0, 0, 0], "status": "TX", "blocked": false}}
[2025-11-10 01:23:19.991] [GPS] [INFO] Vehicle stationary at (41.008200, 28.978400), SoC: 88.5% | Data: {"lat": 41.0082, "lon": 28.9784, "speed": 0, "soc": 88.5}
[2025-11-10 01:23:19.993] [SIMULATION] [INFO] Stage 0: Normal charging - SoC: 86.2%, Power: 7.4 kW | Data: {"stage": 0, "vehicle": {"speed": 0, "rpm": 0, "battery_soc": 86.19999999999999, "battery_temp": 25, "motor_temp": 25, "gear": "P", "warnings": {"check_engine": false, "abs": false, "airbag": false, "battery": false, "traction": false, "oil": false}, "dtc_codes": []}, "evse": {"status": "CHARGING", "power": 7.4, "voltage": 400, "current": 18.5, "energy": 0.008, "temperature": 30.963964421999435, "firmware": "v1.2.4", "compromised": false}}
[2025-11-10 01:23:19.995] [GPS] [INFO] Vehicle stationary at (41.008200, 28.978400), SoC: 89.0% | Data: {"lat": 41.0082, "lon": 28.9784, "speed": 0, "soc": 89.0}
[2025-11-10 01:23:20.497] [CAN] [INFO] TX: ID=0x1F0 DLC=8 Data=[81, 0, 25, 0, 0, 0, 0, 0] | Data: {"message": {"id": "0x1F0", "dlc": 8, "data": [81, 0, 25, 0, 0, 0, 0, 0], "status": "TX", "blocked": false}}
[2025-11-10 01:23:20.498] [CAN] [INFO] TX: ID=0x100 DLC=8 Data=[0, 0, 0, 0, 0, 0, 0, 0] | Data: {"message": {"id": "0x100", "dlc": 8, "data": [0, 0, 0, 0, 0, 0, 0, 0], "status": "TX", "blocked": false}}
[2025-11-10 01:23:20.500] [CAN] [INFO] TX: ID=0x200 DLC=8 Data=[80, 0, 0, 0, 0, 0, 0, 0] | Data: {"message": {"id": "0x200", "dlc": 8, "data": [80, 0, 0, 0, 0, 0, 0, 0], "status": "TX", "blocked": false}}
[2025-11-10 01:23:20.502] [GPS] [INFO] Vehicle stationary at (41.008200, 28.978400), SoC: 89.5% | Data: {"lat": 41.0082, "lon": 28.9784, "speed": 0, "soc": 89.5}
[2025-11-10 01:23:20.504] [SIMULATION] [INFO] Stage 0: Normal charging - SoC: 86.5%, Power: 7.4 kW | Data: {"stage": 0, "vehicle": {"speed": 0, "rpm": 0, "battery_soc": 86.49999999999999, "battery_temp": 25, "motor_temp": 25, "gear": "P", "warnings": {"check_engine": false, "abs": false, "airbag": false, "battery": false, "traction": false, "oil": false}, "dtc_codes": []}, "evse": {"status": "CHARGING", "power": 7.4, "voltage": 400, "current": 18.5, "energy": 0.01, "temperature": 31.02265893437534, "firmware": "v1.2.4", "compromised": false}}
[2025-11-10 01:23:20.504] [GPS] [INFO] Vehicle stationary at (41.008200, 28.978400), SoC: 90.0% | Data: {"lat": 41.0082, "lon": 28.9784, "speed": 0, "soc": 90.0}
[2025-11-10 01:23:21.007] [CAN] [INFO] TX: ID=0x1F0 DLC=8 Data=[83, 0, 24, 0, 0, 0, 0, 0] | Data: {"message": {"id": "0x1F0", "dlc": 8, "data": [83, 0, 24, 0, 0, 0, 0, 0], "status": "TX", "blocked": false}}
[2025-11-10 01:23:21.010] [CAN] [INFO] TX: ID=0x100 DLC=8 Data=[0, 0, 0, 0, 0, 0, 0, 0] | Data: {"message": {"id": "0x100", "dlc": 8, "data": [0, 0, 0, 0, 0, 0, 0, 0], "status": "TX", "blocked": false}}
[2025-11-10 01:23:21.011] [CAN] [INFO] TX: ID=0x200 DLC=8 Data=[80, 0, 0, 0, 0, 0, 0, 0] | Data: {"message": {"id": "0x200", "dlc": 8, "data": [80, 0, 0, 0, 0, 0, 0, 0], "status": "TX", "blocked": false}}
[2025-11-10 01:23:21.012] [GPS] [INFO] Vehicle stationary at (41.008200, 28.978400), SoC: 90.5% | Data: {"lat": 41.0082, "lon": 28.9784, "speed": 0, "soc": 90.5}
[2025-11-10 01:23:21.015] [SIMULATION] [INFO] Stage 0: Normal charging - SoC: 86.8%, Power: 7.4 kW | Data: {"stage": 0, "vehicle": {"speed": 0, "rpm": 0, "battery_soc": 86.79999999999998, "battery_temp": 25, "motor_temp": 25, "gear": "P", "warnings": {"check_engine": false, "abs": false, "airbag": false, "battery": false, "traction": false, "oil": false}, "dtc_codes": []}, "evse": {"status": "CHARGING", "power": 7.4, "voltage": 400, "current": 18.5, "energy": 0.012, "temperature": 28.90241835372147, "firmware": "v1.2.4", "compromised": false}}
[2025-11-10 01:23:21.016] [GPS] [INFO] Vehicle stationary at (41.008200, 28.978400), SoC: 91.0% | Data: {"lat": 41.0082, "lon": 28.9784, "speed": 0, "soc": 91.0}
[2025-11-10 01:23:21.518] [OCPP] [INFO] TX → CSMS: MeterValues - SoC: 87.09999999999998%, Power: 7.4 kW | Data: {"message_type": "MeterValues", "soc": 87.09999999999998, "power": 7.4}
[2025-11-10 01:23:21.520] [CAN] [INFO] TX: ID=0x1F0 DLC=8 Data=[90, 0, 24, 0, 0, 0, 0, 0] | Data: {"message": {"id": "0x1F0", "dlc": 8, "data": [90, 0, 24, 0, 0, 0, 0, 0], "status": "TX", "blocked": false}}
[2025-11-10 01:23:21.523] [CAN] [INFO] TX: ID=0x100 DLC=8 Data=[0, 0, 0, 0, 0, 0, 0, 0] | Data: {"message": {"id": "0x100", "dlc": 8, "data": [0, 0, 0, 0, 0, 0, 0, 0], "status": "TX", "blocked": false}}
[2025-11-10 01:23:21.524] [CAN] [INFO] TX: ID=0x200 DLC=8 Data=[80, 0, 0, 0, 0, 0, 0, 0] | Data: {"message": {"id": "0x200", "dlc": 8, "data": [80, 0, 0, 0, 0, 0, 0, 0], "status": "TX", "blocked": false}}
[2025-11-10 01:23:21.527] [GPS] [INFO] Vehicle stationary at (41.008200, 28.978400), SoC: 91.5% | Data: {"lat": 41.0082, "lon": 28.9784, "speed": 0, "soc": 91.5}
[2025-11-10 01:23:21.530] [SIMULATION] [INFO] Stage 0: Normal charging - SoC: 87.1%, Power: 7.4 kW | Data: {"stage": 0, "vehicle": {"speed": 0, "rpm": 0, "battery_soc": 87.09999999999998, "battery_temp": 25, "motor_temp": 25, "gear": "P", "warnings": {"check_engine": false, "abs": false, "airbag": false, "battery": false, "traction": false, "oil": false}, "dtc_codes": []}, "evse": {"status": "CHARGING", "power": 7.4, "voltage": 400, "current": 18.5, "energy": 0.014, "temperature": 28.60167266295791, "firmware": "v1.2.4", "compromised": false}}
[2025-11-10 01:23:21.531] [GPS] [INFO] Vehicle stationary at (41.008200, 28.978400), SoC: 92.0% | Data: {"lat": 41.0082, "lon": 28.9784, "speed": 0, "soc": 92.0}
[2025-11-10 01:23:22.034] [OCPP] [INFO] TX → CSMS: Heartbeat from EVSE-001 | Data: {"message_type": "Heartbeat", "evse_id": "EVSE-001"}
[2025-11-10 01:23:22.038] [CAN] [INFO] TX: ID=0x1F0 DLC=8 Data=[89, 0, 25, 0, 0, 0, 0, 0] | Data: {"message": {"id": "0x1F0", "dlc": 8, "data": [89, 0, 25, 0, 0, 0, 0, 0], "status": "TX", "blocked": false}}
[2025-11-10 01:23:22.040] [CAN] [INFO] TX: ID=0x100 DLC=8 Data=[0, 0, 0, 0, 0, 0, 0, 0] | Data: {"message": {"id": "0x100", "dlc": 8, "data": [0, 0, 0, 0, 0, 0, 0, 0], "status": "TX", "blocked": false}}
[2025-11-10 01:23:22.042] [CAN] [INFO] TX: ID=0x200 DLC=8 Data=[80, 0, 0, 0, 0, 0, 0, 0] | Data: {"message": {"id": "0x200", "dlc": 8, "data": [80, 0, 0, 0, 0, 0, 0, 0], "status": "TX", "blocked": false}}
[2025-11-10 01:23:22.044] [GPS] [INFO] Vehicle stationary at (41.008200, 28.978400), SoC: 92.5% | Data: {"lat": 41.0082, "lon": 28.9784, "speed": 0, "soc": 92.5}
[2025-11-10 01:23:22.047] [SIMULATION] [INFO] Stage 0: Normal charging - SoC: 87.4%, Power: 7.4 kW | Data: {"stage": 0, "vehicle": {"speed": 0, "rpm": 0, "battery_soc": 87.39999999999998, "battery_temp": 25, "motor_temp": 25, "gear": "P", "warnings": {"check_engine": false, "abs": false, "airbag": false, "battery": false, "traction": false, "oil": false}, "dtc_codes": []}, "evse": {"status": "CHARGING", "power": 7.4, "voltage": 400, "current": 18.5, "energy": 0.016, "temperature": 31.197528815731612, "firmware": "v1.2.4", "compromised": false}}
[2025-11-10 01:23:22.048] [GPS] [INFO] Vehicle stationary at (41.008200, 28.978400), SoC: 93.0% | Data: {"lat": 41.0082, "lon": 28.9784, "speed": 0, "soc": 93.0}
[2025-11-10 01:23:22.550] [CAN] [INFO] TX: ID=0x1F0 DLC=8 Data=[89, 0, 26, 0, 0, 0, 0, 0] | Data: {"message": {"id": "0x1F0", "dlc": 8, "data": [89, 0, 26, 0, 0, 0, 0, 0], "status": "TX", "blocked": false}}
[2025-11-10 01:23:22.551] [CAN] [INFO] TX: ID=0x100 DLC=8 Data=[0, 0, 0, 0, 0, 0, 0, 0] | Data: {"message": {"id": "0x100", "dlc": 8, "data": [0, 0, 0, 0, 0, 0, 0, 0], "status": "TX", "blocked": false}}
[2025-11-10 01:23:22.552] [CAN] [INFO] TX: ID=0x200 DLC=8 Data=[80, 0, 0, 0, 0, 0, 0, 0] | Data: {"message": {"id": "0x200", "dlc": 8, "data": [80, 0, 0, 0, 0, 0, 0, 0], "status": "TX", "blocked": false}}
[2025-11-10 01:23:22.553] [GPS] [INFO] Vehicle stationary at (41.008200, 28.978400), SoC: 93.5% | Data: {"lat": 41.0082, "lon": 28.9784, "speed": 0, "soc": 93.5}
[2025-11-10 01:23:22.557] [SIMULATION] [INFO] Stage 0: Normal charging - SoC: 87.7%, Power: 7.4 kW | Data: {"stage": 0, "vehicle": {"speed": 0, "rpm": 0, "battery_soc": 87.69999999999997, "battery_temp": 25, "motor_temp": 25, "gear": "P", "warnings": {"check_engine": false, "abs": false, "airbag": false, "battery": false, "traction": false, "oil": false}, "dtc_codes": []}, "evse": {"status": "CHARGING", "power": 7.4, "voltage": 400, "current": 18.5, "energy": 0.018000000000000002, "temperature": 29.404705482528524, "firmware": "v1.2.4", "compromised": false}}
[2025-11-10 01:23:22.558] [GPS] [INFO] Vehicle stationary at (41.008200, 28.978400), SoC: 94.0% | Data: {"lat": 41.0082, "lon": 28.9784, "speed": 0, "soc": 94.0}
[2025-11-10 01:23:23.060] [CAN] [INFO] TX: ID=0x1F0 DLC=8 Data=[86, 0, 27, 0, 0, 0, 0, 0] | Data: {"message": {"id": "0x1F0", "dlc": 8, "data": [86, 0, 27, 0, 0, 0, 0, 0], "status": "TX", "blocked": false}}
[2025-11-10 01:23:23.062] [CAN] [INFO] TX: ID=0x100 DLC=8 Data=[0, 0, 0, 0, 0, 0, 0, 0] | Data: {"message": {"id": "0x100", "dlc": 8, "data": [0, 0, 0, 0, 0, 0, 0, 0], "status": "TX", "blocked": false}}
[2025-11-10 01:23:23.064] [CAN] [INFO] TX: ID=0x200 DLC=8 Data=[80, 0, 0, 0, 0, 0, 0, 0] | Data: {"message": {"id": "0x200", "dlc": 8, "data": [80, 0, 0, 0, 0, 0, 0, 0], "status": "TX", "blocked": false}}
[2025-11-10 01:23:23.066] [GPS] [INFO] Vehicle stationary at (41.008200, 28.978400), SoC: 94.5% | Data: {"lat": 41.0082, "lon": 28.9784, "speed": 0, "soc": 94.5}
[2025-11-10 01:23:23.067] [SIMULATION] [INFO] Stage 0: Normal charging - SoC: 88.0%, Power: 7.4 kW | Data: {"stage": 0, "vehicle": {"speed": 0, "rpm": 0, "battery_soc": 87.99999999999997, "battery_temp": 25, "motor_temp": 25, "gear": "P", "warnings": {"check_engine": false, "abs": false, "airbag": false, "battery": false, "traction": false, "oil": false}, "dtc_codes": []}, "evse": {"status": "CHARGING", "power": 7.4, "voltage": 400, "current": 18.5, "energy": 0.020000000000000004, "temperature": 30.14670911446852, "firmware": "v1.2.4", "compromised": false}}
[2025-11-10 01:23:23.069] [GPS] [INFO] Vehicle stationary at (41.008200, 28.978400), SoC: 95.0% | Data: {"lat": 41.0082, "lon": 28.9784, "speed": 0, "soc": 95.0}
[2025-11-10 01:23:23.572] [OCPP] [INFO] TX → CSMS: Heartbeat from EVSE-001 | Data: {"message_type": "Heartbeat", "evse_id": "EVSE-001"}
[2025-11-10 01:23:23.573] [CAN] [INFO] TX: ID=0x1F0 DLC=8 Data=[83, 0, 23, 0, 0, 0, 0, 0] | Data: {"message": {"id": "0x1F0", "dlc": 8, "data": [83, 0, 23, 0, 0, 0, 0, 0], "status": "TX", "blocked": false}}
[2025-11-10 01:23:23.575] [CAN] [INFO] TX: ID=0x100 DLC=8 Data=[0, 0, 0, 0, 0, 0, 0, 0] | Data: {"message": {"id": "0x100", "dlc": 8, "data": [0, 0, 0, 0, 0, 0, 0, 0], "status": "TX", "blocked": false}}
[2025-11-10 01:23:23.577] [CAN] [INFO] TX: ID=0x200 DLC=8 Data=[80, 0, 0, 0, 0, 0, 0, 0] | Data: {"message": {"id": "0x200", "dlc": 8, "data": [80, 0, 0, 0, 0, 0, 0, 0], "status": "TX", "blocked": false}}
[2025-11-10 01:23:23.579] [GPS] [INFO] Vehicle stationary at (41.008200, 28.978400), SoC: 95.5% | Data: {"lat": 41.0082, "lon": 28.9784, "speed": 0, "soc": 95.5}
[2025-11-10 01:23:23.581] [SIMULATION] [INFO] Stage 0: Normal charging - SoC: 88.3%, Power: 7.4 kW | Data: {"stage": 0, "vehicle": {"speed": 0, "rpm": 0, "battery_soc": 88.29999999999997, "battery_temp": 25, "motor_temp": 25, "gear": "P", "warnings": {"check_engine": false, "abs": false, "airbag": false, "battery": false, "traction": false, "oil": false}, "dtc_codes": []}, "evse": {"status": "CHARGING", "power": 7.4, "voltage": 400, "current": 18.5, "energy": 0.022000000000000006, "temperature": 30.928685511317255, "firmware": "v1.2.4", "compromised": false}}
[2025-11-10 01:23:23.583] [GPS] [INFO] Vehicle stationary at (41.008200, 28.978400), SoC: 96.0% | Data: {"lat": 41.0082, "lon": 28.9784, "speed": 0, "soc": 96.0}
[2025-11-10 01:23:24.087] [OCPP] [INFO] TX → CSMS: Heartbeat from EVSE-001 | Data: {"message_type": "Heartbeat", "evse_id": "EVSE-001"}
[2025-11-10 01:23:24.089] [CAN] [INFO] TX: ID=0x1F0 DLC=8 Data=[87, 0, 23, 0, 0, 0, 0, 0] | Data: {"message": {"id": "0x1F0", "dlc": 8, "data": [87, 0, 23, 0, 0, 0, 0, 0], "status": "TX", "blocked": false}}
[2025-11-10 01:23:24.091] [CAN] [INFO] TX: ID=0x100 DLC=8 Data=[0, 0, 0, 0, 0, 0, 0, 0] | Data: {"message": {"id": "0x100", "dlc": 8, "data": [0, 0, 0, 0, 0, 0, 0, 0], "status": "TX", "blocked": false}}
[2025-11-10 01:23:24.093] [CAN] [INFO] TX: ID=0x200 DLC=8 Data=[80, 0, 0, 0, 0, 0, 0, 0] | Data: {"message": {"id": "0x200", "dlc": 8, "data": [80, 0, 0, 0, 0, 0, 0, 0], "status": "TX", "blocked": false}}
[2025-11-10 01:23:24.094] [GPS] [INFO] Vehicle stationary at (41.008200, 28.978400), SoC: 96.5% | Data: {"lat": 41.0082, "lon": 28.9784, "speed": 0, "soc": 96.5}
[2025-11-10 01:23:24.096] [SIMULATION] [INFO] Stage 0: Normal charging - SoC: 88.6%, Power: 7.4 kW | Data: {"stage": 0, "vehicle": {"speed": 0, "rpm": 0, "battery_soc": 88.59999999999997, "battery_temp": 25, "motor_temp": 25, "gear": "P", "warnings": {"check_engine": false, "abs": false, "airbag": false, "battery": false, "traction": false, "oil": false}, "dtc_codes": []}, "evse": {"status": "CHARGING", "power": 7.4, "voltage": 400, "current": 18.5, "energy": 0.024000000000000007, "temperature": 29.709035204581518, "firmware": "v1.2.4", "compromised": false}}
[2025-11-10 01:23:24.098] [GPS] [INFO] Vehicle stationary at (41.008200, 28.978400), SoC: 97.0% | Data: {"lat": 41.0082, "lon": 28.9784, "speed": 0, "soc": 97.0}
[2025-11-10 01:23:24.600] [OCPP] [INFO] TX → CSMS: MeterValues - SoC: 88.89999999999996%, Power: 7.4 kW | Data: {"message_type": "MeterValues", "soc": 88.89999999999996, "power": 7.4}
[2025-11-10 01:23:24.603] [CAN] [INFO] TX: ID=0x1F0 DLC=8 Data=[88, 0, 27, 0, 0, 0, 0, 0] | Data: {"message": {"id": "0x1F0", "dlc": 8, "data": [88, 0, 27, 0, 0, 0, 0, 0], "status": "TX", "blocked": false}}
[2025-11-10 01:23:24.606] [CAN] [INFO] TX: ID=0x100 DLC=8 Data=[0, 0, 0, 0, 0, 0, 0, 0] | Data: {"message": {"id": "0x100", "dlc": 8, "data": [0, 0, 0, 0, 0, 0, 0, 0], "status": "TX", "blocked": false}}
[2025-11-10 01:23:24.607] [CAN] [INFO] TX: ID=0x200 DLC=8 Data=[80, 0, 0, 0, 0, 0, 0, 0] | Data: {"message": {"id": "0x200", "dlc": 8, "data": [80, 0, 0, 0, 0, 0, 0, 0], "status": "TX", "blocked": false}}
[2025-11-10 01:23:24.609] [GPS] [INFO] Vehicle stationary at (41.008200, 28.978400), SoC: 97.5% | Data: {"lat": 41.0082, "lon": 28.9784, "speed": 0, "soc": 97.5}
[2025-11-10 01:23:24.611] [SIMULATION] [INFO] Stage 0: Normal charging - SoC: 88.9%, Power: 7.4 kW | Data: {"stage": 0, "vehicle": {"speed": 0, "rpm": 0, "battery_soc": 88.89999999999996, "battery_temp": 25, "motor_temp": 25, "gear": "P", "warnings": {"check_engine": false, "abs": false, "airbag": false, "battery": false, "traction": false, "oil": false}, "dtc_codes": []}, "evse": {"status": "CHARGING", "power": 7.4, "voltage": 400, "current": 18.5, "energy": 0.02600000000000001, "temperature": 29.686471547662425, "firmware": "v1.2.4", "compromised": false}}
[2025-11-10 01:23:24.613] [GPS] [INFO] Vehicle stationary at (41.008200, 28.978400), SoC: 98.0% | Data: {"lat": 41.0082, "lon": 28.9784, "speed": 0, "soc": 98.0}
[2025-11-10 01:23:25.116] [OCPP] [INFO] TX → CSMS: Heartbeat from EVSE-001 | Data: {"message_type": "Heartbeat", "evse_id": "EVSE-001"}
[2025-11-10 01:23:25.119] [CAN] [INFO] TX: ID=0x1F0 DLC=8 Data=[81, 0, 27, 0, 0, 0, 0, 0] | Data: {"message": {"id": "0x1F0", "dlc": 8, "data": [81, 0, 27, 0, 0, 0, 0, 0], "status": "TX", "blocked": false}}
[2025-11-10 01:23:25.120] [CAN] [INFO] TX: ID=0x100 DLC=8 Data=[0, 0, 0, 0, 0, 0, 0, 0] | Data: {"message": {"id": "0x100", "dlc": 8, "data": [0, 0, 0, 0, 0, 0, 0, 0], "status": "TX", "blocked": false}}
[2025-11-10 01:23:25.122] [CAN] [INFO] TX: ID=0x200 DLC=8 Data=[80, 0, 0, 0, 0, 0, 0, 0] | Data: {"message": {"id": "0x200", "dlc": 8, "data": [80, 0, 0, 0, 0, 0, 0, 0], "status": "TX", "blocked": false}}
[2025-11-10 01:23:25.124] [GPS] [INFO] Vehicle stationary at (41.008200, 28.978400), SoC: 98.5% | Data: {"lat": 41.0082, "lon": 28.9784, "speed": 0, "soc": 98.5}
[2025-11-10 01:23:25.125] [SIMULATION] [INFO] Stage 0: Normal charging - SoC: 89.2%, Power: 7.4 kW | Data: {"stage": 0, "vehicle": {"speed": 0, "rpm": 0, "battery_soc": 89.19999999999996, "battery_temp": 25, "motor_temp": 25, "gear": "P", "warnings": {"check_engine": false, "abs": false, "airbag": false, "battery": false, "traction": false, "oil": false}, "dtc_codes": []}, "evse": {"status": "CHARGING", "power": 7.4, "voltage": 400, "current": 18.5, "energy": 0.02800000000000001, "temperature": 28.517319946438768, "firmware": "v1.2.4", "compromised": false}}
[2025-11-10 01:23:25.126] [GPS] [INFO] Vehicle stationary at (41.008200, 28.978400), SoC: 99.0% | Data: {"lat": 41.0082, "lon": 28.9784, "speed": 0, "soc": 99.0}
[2025-11-10 01:23:25.629] [CAN] [INFO] TX: ID=0x1F0 DLC=8 Data=[85, 0, 23, 0, 0, 0, 0, 0] | Data: {"message": {"id": "0x1F0", "dlc": 8, "data": [85, 0, 23, 0, 0, 0, 0, 0], "status": "TX", "blocked": false}}
[2025-11-10 01:23:25.630] [CAN] [INFO] TX: ID=0x100 DLC=8 Data=[0, 0, 0, 0, 0, 0, 0, 0] | Data: {"message": {"id": "0x100", "dlc": 8, "data": [0, 0, 0, 0, 0, 0, 0, 0], "status": "TX", "blocked": false}}
[2025-11-10 01:23:25.633] [CAN] [INFO] TX: ID=0x200 DLC=8 Data=[80, 0, 0, 0, 0, 0, 0, 0] | Data: {"message": {"id": "0x200", "dlc": 8, "data": [80, 0, 0, 0, 0, 0, 0, 0], "status": "TX", "blocked": false}}
[2025-11-10 01:23:25.635] [GPS] [INFO] Vehicle stationary at (41.008200, 28.978400), SoC: 99.5% | Data: {"lat": 41.0082, "lon": 28.9784, "speed": 0, "soc": 99.5}
[2025-11-10 01:23:25.638] [SIMULATION] [INFO] Stage 0: Normal charging - SoC: 89.5%, Power: 7.4 kW | Data: {"stage": 0, "vehicle": {"speed": 0, "rpm": 0, "battery_soc": 89.49999999999996, "battery_temp": 25, "motor_temp": 25, "gear": "P", "warnings": {"check_engine": false, "abs": false, "airbag": false, "battery": false, "traction": false, "oil": false}, "dtc_codes": []}, "evse": {"status": "CHARGING", "power": 7.4, "voltage": 400, "current": 18.5, "energy": 0.030000000000000013, "temperature": 31.644799433763886, "firmware": "v1.2.4", "compromised": false}}
[2025-11-10 01:23:25.639] [GPS] [INFO] Vehicle stationary at (41.008200, 28.978400), SoC: 100.0% | Data: {"lat": 41.0082, "lon": 28.9784, "speed": 0, "soc": 100}
[2025-11-10 01:23:26.142] [OCPP] [INFO] TX → CSMS: Heartbeat from EVSE-001 | Data: {"message_type": "Heartbeat", "evse_id": "EVSE-001"}
[2025-11-10 01:23:26.144] [CAN] [INFO] TX: ID=0x1F0 DLC=8 Data=[90, 0, 24, 0, 0, 0, 0, 0] | Data: {"message": {"id": "0x1F0", "dlc": 8, "data": [90, 0, 24, 0, 0, 0, 0, 0], "status": "TX", "blocked": false}}
[2025-11-10 01:23:26.146] [CAN] [INFO] TX: ID=0x100 DLC=8 Data=[0, 0, 0, 0, 0, 0, 0, 0] | Data: {"message": {"id": "0x100", "dlc": 8, "data": [0, 0, 0, 0, 0, 0, 0, 0], "status": "TX", "blocked": false}}
[2025-11-10 01:23:26.148] [CAN] [INFO] TX: ID=0x200 DLC=8 Data=[80, 0, 0, 0, 0, 0, 0, 0] | Data: {"message": {"id": "0x200", "dlc": 8, "data": [80, 0, 0, 0, 0, 0, 0, 0], "status": "TX", "blocked": false}}
[2025-11-10 01:23:26.150] [GPS] [INFO] Vehicle stationary at (41.008200, 28.978400), SoC: 100.0% | Data: {"lat": 41.0082, "lon": 28.9784, "speed": 0, "soc": 100}
[2025-11-10 01:23:26.152] [SIMULATION] [INFO] Stage 0: Normal charging - SoC: 89.8%, Power: 7.4 kW | Data: {"stage": 0, "vehicle": {"speed": 0, "rpm": 0, "battery_soc": 89.79999999999995, "battery_temp": 25, "motor_temp": 25, "gear": "P", "warnings": {"check_engine": false, "abs": false, "airbag": false, "battery": false, "traction": false, "oil": false}, "dtc_codes": []}, "evse": {"status": "CHARGING", "power": 7.4, "voltage": 400, "current": 18.5, "energy": 0.032000000000000015, "temperature": 29.536010430411977, "firmware": "v1.2.4", "compromised": false}}
[2025-11-10 01:23:26.153] [GPS] [INFO] Vehicle stationary at (41.008200, 28.978400), SoC: 100.0% | Data: {"lat": 41.0082, "lon": 28.9784, "speed": 0, "soc": 100}
[2025-11-10 01:23:26.656] [OCPP] [INFO] TX → CSMS: Heartbeat from EVSE-001 | Data: {"message_type": "Heartbeat", "evse_id": "EVSE-001"}
[2025-11-10 01:23:26.659] [CAN] [INFO] TX: ID=0x1F0 DLC=8 Data=[83, 0, 26, 0, 0, 0, 0, 0] | Data: {"message": {"id": "0x1F0", "dlc": 8, "data": [83, 0, 26, 0, 0, 0, 0, 0], "status": "TX", "blocked": false}}
[2025-11-10 01:23:26.662] [CAN] [INFO] TX: ID=0x100 DLC=8 Data=[0, 0, 0, 0, 0, 0, 0, 0] | Data: {"message": {"id": "0x100", "dlc": 8, "data": [0, 0, 0, 0, 0, 0, 0, 0], "status": "TX", "blocked": false}}
[2025-11-10 01:23:26.664] [CAN] [INFO] TX: ID=0x200 DLC=8 Data=[80, 0, 0, 0, 0, 0, 0, 0] | Data: {"message": {"id": "0x200", "dlc": 8, "data": [80, 0, 0, 0, 0, 0, 0, 0], "status": "TX", "blocked": false}}
[2025-11-10 01:23:26.666] [GPS] [INFO] Vehicle stationary at (41.008200, 28.978400), SoC: 100.0% | Data: {"lat": 41.0082, "lon": 28.9784, "speed": 0, "soc": 100}
[2025-11-10 01:23:26.668] [SIMULATION] [INFO] Stage 0: Normal charging - SoC: 90.1%, Power: 7.4 kW | Data: {"stage": 0, "vehicle": {"speed": 0, "rpm": 0, "battery_soc": 90.09999999999995, "battery_temp": 25, "motor_temp": 25, "gear": "P", "warnings": {"check_engine": false, "abs": false, "airbag": false, "battery": false, "traction": false, "oil": false}, "dtc_codes": []}, "evse": {"status": "CHARGING", "power": 7.4, "voltage": 400, "current": 18.5, "energy": 0.034000000000000016, "temperature": 28.207522693406414, "firmware": "v1.2.4", "compromised": false}}
[2025-11-10 01:23:26.669] [GPS] [INFO] Vehicle stationary at (41.008200, 28.978400), SoC: 100.0% | Data: {"lat": 41.0082, "lon": 28.9784, "speed": 0, "soc": 100}
[2025-11-10 01:23:27.173] [CAN] [INFO] TX: ID=0x1F0 DLC=8 Data=[90, 0, 23, 0, 0, 0, 0, 0] | Data: {"message": {"id": "0x1F0", "dlc": 8, "data": [90, 0, 23, 0, 0, 0, 0, 0], "status": "TX", "blocked": false}}
[2025-11-10 01:23:27.174] [CAN] [INFO] TX: ID=0x100 DLC=8 Data=[0, 0, 0, 0, 0, 0, 0, 0] | Data: {"message": {"id": "0x100", "dlc": 8, "data": [0, 0, 0, 0, 0, 0, 0, 0], "status": "TX", "blocked": false}}
[2025-11-10 01:23:27.177] [CAN] [INFO] TX: ID=0x200 DLC=8 Data=[80, 0, 0, 0, 0, 0, 0, 0] | Data: {"message": {"id": "0x200", "dlc": 8, "data": [80, 0, 0, 0, 0, 0, 0, 0], "status": "TX", "blocked": false}}
[2025-11-10 01:23:27.178] [GPS] [INFO] Vehicle stationary at (41.008200, 28.978400), SoC: 100.0% | Data: {"lat": 41.0082, "lon": 28.9784, "speed": 0, "soc": 100}
[2025-11-10 01:23:27.179] [SIMULATION] [INFO] Stage 0: Normal charging - SoC: 90.4%, Power: 7.4 kW | Data: {"stage": 0, "vehicle": {"speed": 0, "rpm": 0, "battery_soc": 90.39999999999995, "battery_temp": 25, "motor_temp": 25, "gear": "P", "warnings": {"check_engine": false, "abs": false, "airbag": false, "battery": false, "traction": false, "oil": false}, "dtc_codes": []}, "evse": {"status": "CHARGING", "power": 7.4, "voltage": 400, "current": 18.5, "energy": 0.03600000000000002, "temperature": 31.02008299955379, "firmware": "v1.2.4", "compromised": false}}
[2025-11-10 01:23:27.181] [GPS] [INFO] Vehicle stationary at (41.008200, 28.978400), SoC: 100.0% | Data: {"lat": 41.0082, "lon": 28.9784, "speed": 0, "soc": 100}
[2025-11-10 01:23:27.684] [OCPP] [INFO] TX → CSMS: MeterValues - SoC: 90.69999999999995%, Power: 7.4 kW | Data: {"message_type": "MeterValues", "soc": 90.69999999999995, "power": 7.4}
[2025-11-10 01:23:27.685] [CAN] [INFO] TX: ID=0x1F0 DLC=8 Data=[88, 0, 25, 0, 0, 0, 0, 0] | Data: {"message": {"id": "0x1F0", "dlc": 8, "data": [88, 0, 25, 0, 0, 0, 0, 0], "status": "TX", "blocked": false}}
[2025-11-10 01:23:27.687] [CAN] [INFO] TX: ID=0x100 DLC=8 Data=[0, 0, 0, 0, 0, 0, 0, 0] | Data: {"message": {"id": "0x100", "dlc": 8, "data": [0, 0, 0, 0, 0, 0, 0, 0], "status": "TX", "blocked": false}}
[2025-11-10 01:23:27.689] [CAN] [INFO] TX: ID=0x200 DLC=8 Data=[80, 0, 0, 0, 0, 0, 0, 0] | Data: {"message": {"id": "0x200", "dlc": 8, "data": [80, 0, 0, 0, 0, 0, 0, 0], "status": "TX", "blocked": false}}
[2025-11-10 01:23:27.691] [GPS] [INFO] Vehicle stationary at (41.008200, 28.978400), SoC: 100.0% | Data: {"lat": 41.0082, "lon": 28.9784, "speed": 0, "soc": 100}
[2025-11-10 01:23:27.693] [SIMULATION] [INFO] Stage 0: Normal charging - SoC: 90.7%, Power: 7.4 kW | Data: {"stage": 0, "vehicle": {"speed": 0, "rpm": 0, "battery_soc": 90.69999999999995, "battery_temp": 25, "motor_temp": 25, "gear": "P", "warnings": {"check_engine": false, "abs": false, "airbag": false, "battery": false, "traction": false, "oil": false}, "dtc_codes": []}, "evse": {"status": "CHARGING", "power": 7.4, "voltage": 400, "current": 18.5, "energy": 0.03800000000000002, "temperature": 28.423129378682454, "firmware": "v1.2.4", "compromised": false}}
[2025-11-10 01:23:27.694] [GPS] [INFO] Vehicle stationary at (41.008200, 28.978400), SoC: 100.0% | Data: {"lat": 41.0082, "lon": 28.9784, "speed": 0, "soc": 100}
[2025-11-10 01:23:28.197] [OCPP] [INFO] TX → CSMS: MeterValues - SoC: 90.99999999999994%, Power: 7.4 kW | Data: {"message_type": "MeterValues", "soc": 90.99999999999994, "power": 7.4}
[2025-11-10 01:23:28.198] [CAN] [INFO] TX: ID=0x1F0 DLC=8 Data=[80, 0, 25, 0, 0, 0, 0, 0] | Data: {"message": {"id": "0x1F0", "dlc": 8, "data": [80, 0, 25, 0, 0, 0, 0, 0], "status": "TX", "blocked": false}}
[2025-11-10 01:23:28.201] [CAN] [INFO] TX: ID=0x100 DLC=8 Data=[0, 0, 0, 0, 0, 0, 0, 0] | Data: {"message": {"id": "0x100", "dlc": 8, "data": [0, 0, 0, 0, 0, 0, 0, 0], "status": "TX", "blocked": false}}
[2025-11-10 01:23:28.202] [CAN] [INFO] TX: ID=0x200 DLC=8 Data=[80, 0, 0, 0, 0, 0, 0, 0] | Data: {"message": {"id": "0x200", "dlc": 8, "data": [80, 0, 0, 0, 0, 0, 0, 0], "status": "TX", "blocked": false}}
[2025-11-10 01:23:28.204] [GPS] [INFO] Vehicle stationary at (41.008200, 28.978400), SoC: 100.0% | Data: {"lat": 41.0082, "lon": 28.9784, "speed": 0, "soc": 100}
[2025-11-10 01:23:28.206] [SIMULATION] [INFO] Stage 0: Normal charging - SoC: 91.0%, Power: 7.4 kW | Data: {"stage": 0, "vehicle": {"speed": 0, "rpm": 0, "battery_soc": 90.99999999999994, "battery_temp": 25, "motor_temp": 25, "gear": "P", "warnings": {"check_engine": false, "abs": false, "airbag": false, "battery": false, "traction": false, "oil": false}, "dtc_codes": []}, "evse": {"status": "CHARGING", "power": 7.4, "voltage": 400, "current": 18.5, "energy": 0.04000000000000002, "temperature": 28.824937248896102, "firmware": "v1.2.4", "compromised": false}}
[2025-11-10 01:23:28.208] [GPS] [INFO] Vehicle stationary at (41.008200, 28.978400), SoC: 100.0% | Data: {"lat": 41.0082, "lon": 28.9784, "speed": 0, "soc": 100}
[2025-11-10 01:23:28.711] [CAN] [INFO] TX: ID=0x1F0 DLC=8 Data=[88, 0, 26, 0, 0, 0, 0, 0] | Data: {"message": {"id": "0x1F0", "dlc": 8, "data": [88, 0, 26, 0, 0, 0, 0, 0], "status": "TX", "blocked": false}}
[2025-11-10 01:23:28.713] [CAN] [INFO] TX: ID=0x100 DLC=8 Data=[0, 0, 0, 0, 0, 0, 0, 0] | Data: {"message": {"id": "0x100", "dlc": 8, "data": [0, 0, 0, 0, 0, 0, 0, 0], "status": "TX", "blocked": false}}
[2025-11-10 01:23:28.714] [CAN] [INFO] TX: ID=0x200 DLC=8 Data=[80, 0, 0, 0, 0, 0, 0, 0] | Data: {"message": {"id": "0x200", "dlc": 8, "data": [80, 0, 0, 0, 0, 0, 0, 0], "status": "TX", "blocked": false}}
[2025-11-10 01:23:28.717] [GPS] [INFO] Vehicle stationary at (41.008200, 28.978400), SoC: 100.0% | Data: {"lat": 41.0082, "lon": 28.9784, "speed": 0, "soc": 100}
[2025-11-10 01:23:28.719] [SIMULATION] [INFO] Stage 0: Normal charging - SoC: 91.3%, Power: 7.4 kW | Data: {"stage": 0, "vehicle": {"speed": 0, "rpm": 0, "battery_soc": 91.29999999999994, "battery_temp": 25, "motor_temp": 25, "gear": "P", "warnings": {"check_engine": false, "abs": false, "airbag": false, "battery": false, "traction": false, "oil": false}, "dtc_codes": []}, "evse": {"status": "CHARGING", "power": 7.4, "voltage": 400, "current": 18.5, "energy": 0.04200000000000002, "temperature": 29.221429605102593, "firmware": "v1.2.4", "compromised": false}}
[2025-11-10 01:23:28.720] [GPS] [INFO] Vehicle stationary at (41.008200, 28.978400), SoC: 100.0% | Data: {"lat": 41.0082, "lon": 28.9784, "speed": 0, "soc": 100}
[2025-11-10 01:23:29.223] [OCPP] [INFO] TX → CSMS: Heartbeat from EVSE-001 | Data: {"message_type": "Heartbeat", "evse_id": "EVSE-001"}
[2025-11-10 01:23:29.225] [CAN] [INFO] TX: ID=0x1F0 DLC=8 Data=[82, 0, 27, 0, 0, 0, 0, 0] | Data: {"message": {"id": "0x1F0", "dlc": 8, "data": [82, 0, 27, 0, 0, 0, 0, 0], "status": "TX", "blocked": false}}
[2025-11-10 01:23:29.227] [CAN] [INFO] TX: ID=0x100 DLC=8 Data=[0, 0, 0, 0, 0, 0, 0, 0] | Data: {"message": {"id": "0x100", "dlc": 8, "data": [0, 0, 0, 0, 0, 0, 0, 0], "status": "TX", "blocked": false}}
[2025-11-10 01:23:29.228] [CAN] [INFO] TX: ID=0x200 DLC=8 Data=[80, 0, 0, 0, 0, 0, 0, 0] | Data: {"message": {"id": "0x200", "dlc": 8, "data": [80, 0, 0, 0, 0, 0, 0, 0], "status": "TX", "blocked": false}}
[2025-11-10 01:23:29.229] [GPS] [INFO] Vehicle stationary at (41.008200, 28.978400), SoC: 100.0% | Data: {"lat": 41.0082, "lon": 28.9784, "speed": 0, "soc": 100}
[2025-11-10 01:23:29.231] [SIMULATION] [INFO] Stage 0: Normal charging - SoC: 91.6%, Power: 7.4 kW | Data: {"stage": 0, "vehicle": {"speed": 0, "rpm": 0, "battery_soc": 91.59999999999994, "battery_temp": 25, "motor_temp": 25, "gear": "P", "warnings": {"check_engine": false, "abs": false, "airbag": false, "battery": false, "traction": false, "oil": false}, "dtc_codes": []}, "evse": {"status": "CHARGING", "power": 7.4, "voltage": 400, "current": 18.5, "energy": 0.044000000000000025, "temperature": 31.133353751685412, "firmware": "v1.2.4", "compromised": false}}
[2025-11-10 01:23:29.233] [GPS] [INFO] Vehicle stationary at (41.008200, 28.978400), SoC: 100.0% | Data: {"lat": 41.0082, "lon": 28.9784, "speed": 0, "soc": 100}
[2025-11-10 01:23:29.736] [CAN] [INFO] TX: ID=0x1F0 DLC=8 Data=[82, 0, 25, 0, 0, 0, 0, 0] | Data: {"message": {"id": "0x1F0", "dlc": 8, "data": [82, 0, 25, 0, 0, 0, 0, 0], "status": "TX", "blocked": false}}
[2025-11-10 01:23:29.738] [CAN] [INFO] TX: ID=0x100 DLC=8 Data=[0, 0, 0, 0, 0, 0, 0, 0] | Data: {"message": {"id": "0x100", "dlc": 8, "data": [0, 0, 0, 0, 0, 0, 0, 0], "status": "TX", "blocked": false}}
[2025-11-10 01:23:29.740] [CAN] [INFO] TX: ID=0x200 DLC=8 Data=[80, 0, 0, 0, 0, 0, 0, 0] | Data: {"message": {"id": "0x200", "dlc": 8, "data": [80, 0, 0, 0, 0, 0, 0, 0], "status": "TX", "blocked": false}}
[2025-11-10 01:23:29.742] [GPS] [INFO] Vehicle stationary at (41.008200, 28.978400), SoC: 100.0% | Data: {"lat": 41.0082, "lon": 28.9784, "speed": 0, "soc": 100}
[2025-11-10 01:23:29.744] [SIMULATION] [INFO] Stage 0: Normal charging - SoC: 91.9%, Power: 7.4 kW | Data: {"stage": 0, "vehicle": {"speed": 0, "rpm": 0, "battery_soc": 91.89999999999993, "battery_temp": 25, "motor_temp": 25, "gear": "P", "warnings": {"check_engine": false, "abs": false, "airbag": false, "battery": false, "traction": false, "oil": false}, "dtc_codes": []}, "evse": {"status": "CHARGING", "power": 7.4, "voltage": 400, "current": 18.5, "energy": 0.04600000000000003, "temperature": 30.565889995902413, "firmware": "v1.2.4", "compromised": false}}
[2025-11-10 01:23:29.745] [GPS] [INFO] Vehicle stationary at (41.008200, 28.978400), SoC: 100.0% | Data: {"lat": 41.0082, "lon": 28.9784, "speed": 0, "soc": 100}
[2025-11-10 01:23:30.249] [CAN] [INFO] TX: ID=0x1F0 DLC=8 Data=[85, 0, 24, 0, 0, 0, 0, 0] | Data: {"message": {"id": "0x1F0", "dlc": 8, "data": [85, 0, 24, 0, 0, 0, 0, 0], "status": "TX", "blocked": false}}
[2025-11-10 01:23:30.252] [CAN] [INFO] TX: ID=0x100 DLC=8 Data=[0, 0, 0, 0, 0, 0, 0, 0] | Data: {"message": {"id": "0x100", "dlc": 8, "data": [0, 0, 0, 0, 0, 0, 0, 0], "status": "TX", "blocked": false}}
[2025-11-10 01:23:30.255] [CAN] [INFO] TX: ID=0x200 DLC=8 Data=[80, 0, 0, 0, 0, 0, 0, 0] | Data: {"message": {"id": "0x200", "dlc": 8, "data": [80, 0, 0, 0, 0, 0, 0, 0], "status": "TX", "blocked": false}}
[2025-11-10 01:23:30.257] [GPS] [INFO] Vehicle stationary at (41.008200, 28.978400), SoC: 100.0% | Data: {"lat": 41.0082, "lon": 28.9784, "speed": 0, "soc": 100}
[2025-11-10 01:23:30.259] [SIMULATION] [INFO] Stage 0: Normal charging - SoC: 92.2%, Power: 7.4 kW | Data: {"stage": 0, "vehicle": {"speed": 0, "rpm": 0, "battery_soc": 92.19999999999993, "battery_temp": 25, "motor_temp": 25, "gear": "P", "warnings": {"check_engine": false, "abs": false, "airbag": false, "battery": false, "traction": false, "oil": false}, "dtc_codes": []}, "evse": {"status": "CHARGING", "power": 7.4, "voltage": 400, "current": 18.5, "energy": 0.04800000000000003, "temperature": 30.51328220869475, "firmware": "v1.2.4", "compromised": false}}
[2025-11-10 01:23:30.260] [GPS] [INFO] Vehicle stationary at (41.008200, 28.978400), SoC: 100.0% | Data: {"lat": 41.0082, "lon": 28.9784, "speed": 0, "soc": 100}
[2025-11-10 01:23:30.763] [OCPP] [INFO] TX → CSMS: Heartbeat from EVSE-001 | Data: {"message_type": "Heartbeat", "evse_id": "EVSE-001"}
[2025-11-10 01:23:30.764] [OCPP] [INFO] TX → CSMS: MeterValues - SoC: 92.49999999999993%, Power: 7.4 kW | Data: {"message_type": "MeterValues", "soc": 92.49999999999993, "power": 7.4}
[2025-11-10 01:23:30.769] [CAN] [INFO] TX: ID=0x1F0 DLC=8 Data=[84, 0, 24, 0, 0, 0, 0, 0] | Data: {"message": {"id": "0x1F0", "dlc": 8, "data": [84, 0, 24, 0, 0, 0, 0, 0], "status": "TX", "blocked": false}}
[2025-11-10 01:23:30.771] [CAN] [INFO] TX: ID=0x100 DLC=8 Data=[0, 0, 0, 0, 0, 0, 0, 0] | Data: {"message": {"id": "0x100", "dlc": 8, "data": [0, 0, 0, 0, 0, 0, 0, 0], "status": "TX", "blocked": false}}
[2025-11-10 01:23:30.774] [CAN] [INFO] TX: ID=0x200 DLC=8 Data=[80, 0, 0, 0, 0, 0, 0, 0] | Data: {"message": {"id": "0x200", "dlc": 8, "data": [80, 0, 0, 0, 0, 0, 0, 0], "status": "TX", "blocked": false}}
[2025-11-10 01:23:30.778] [GPS] [INFO] Vehicle stationary at (41.008200, 28.978400), SoC: 100.0% | Data: {"lat": 41.0082, "lon": 28.9784, "speed": 0, "soc": 100}
[2025-11-10 01:23:30.781] [SIMULATION] [INFO] Stage 0: Normal charging - SoC: 92.5%, Power: 7.4 kW | Data: {"stage": 0, "vehicle": {"speed": 0, "rpm": 0, "battery_soc": 92.49999999999993, "battery_temp": 25, "motor_temp": 25, "gear": "P", "warnings": {"check_engine": false, "abs": false, "airbag": false, "battery": false, "traction": false, "oil": false}, "dtc_codes": []}, "evse": {"status": "CHARGING", "power": 7.4, "voltage": 400, "current": 18.5, "energy": 0.05000000000000003, "temperature": 31.968954874971505, "firmware": "v1.2.4", "compromised": false}}
[2025-11-10 01:23:30.782] [GPS] [INFO] Vehicle stationary at (41.008200, 28.978400), SoC: 100.0% | Data: {"lat": 41.0082, "lon": 28.9784, "speed": 0, "soc": 100}
[2025-11-10 01:23:31.285] [CAN] [INFO] TX: ID=0x1F0 DLC=8 Data=[81, 0, 25, 0, 0, 0, 0, 0] | Data: {"message": {"id": "0x1F0", "dlc": 8, "data": [81, 0, 25, 0, 0, 0, 0, 0], "status": "TX", "blocked": false}}
[2025-11-10 01:23:31.286] [CAN] [INFO] TX: ID=0x100 DLC=8 Data=[0, 0, 0, 0, 0, 0, 0, 0] | Data: {"message": {"id": "0x100", "dlc": 8, "data": [0, 0, 0, 0, 0, 0, 0, 0], "status": "TX", "blocked": false}}
[2025-11-10 01:23:31.290] [CAN] [INFO] TX: ID=0x200 DLC=8 Data=[80, 0, 0, 0, 0, 0, 0, 0] | Data: {"message": {"id": "0x200", "dlc": 8, "data": [80, 0, 0, 0, 0, 0, 0, 0], "status": "TX", "blocked": false}}
[2025-11-10 01:23:31.292] [GPS] [INFO] Vehicle stationary at (41.008200, 28.978400), SoC: 100.0% | Data: {"lat": 41.0082, "lon": 28.9784, "speed": 0, "soc": 100}
[2025-11-10 01:23:31.294] [SIMULATION] [INFO] Stage 0: Normal charging - SoC: 92.8%, Power: 7.4 kW | Data: {"stage": 0, "vehicle": {"speed": 0, "rpm": 0, "battery_soc": 92.79999999999993, "battery_temp": 25, "motor_temp": 25, "gear": "P", "warnings": {"check_engine": false, "abs": false, "airbag": false, "battery": false, "traction": false, "oil": false}, "dtc_codes": []}, "evse": {"status": "CHARGING", "power": 7.4, "voltage": 400, "current": 18.5, "energy": 0.05200000000000003, "temperature": 31.24297304941699, "firmware": "v1.2.4", "compromised": false}}
[2025-11-10 01:23:31.296] [GPS] [INFO] Vehicle stationary at (41.008200, 28.978400), SoC: 100.0% | Data: {"lat": 41.0082, "lon": 28.9784, "speed": 0, "soc": 100}
[2025-11-10 01:23:31.800] [CAN] [INFO] TX: ID=0x1F0 DLC=8 Data=[87, 0, 27, 0, 0, 0, 0, 0] | Data: {"message": {"id": "0x1F0", "dlc": 8, "data": [87, 0, 27, 0, 0, 0, 0, 0], "status": "TX", "blocked": false}}
[2025-11-10 01:23:31.800] [CAN] [INFO] TX: ID=0x100 DLC=8 Data=[0, 0, 0, 0, 0, 0, 0, 0] | Data: {"message": {"id": "0x100", "dlc": 8, "data": [0, 0, 0, 0, 0, 0, 0, 0], "status": "TX", "blocked": false}}
[2025-11-10 01:23:31.802] [CAN] [INFO] TX: ID=0x200 DLC=8 Data=[80, 0, 0, 0, 0, 0, 0, 0] | Data: {"message": {"id": "0x200", "dlc": 8, "data": [80, 0, 0, 0, 0, 0, 0, 0], "status": "TX", "blocked": false}}
[2025-11-10 01:23:31.804] [GPS] [INFO] Vehicle stationary at (41.008200, 28.978400), SoC: 100.0% | Data: {"lat": 41.0082, "lon": 28.9784, "speed": 0, "soc": 100}
[2025-11-10 01:23:31.806] [SIMULATION] [INFO] Stage 0: Normal charging - SoC: 93.1%, Power: 7.4 kW | Data: {"stage": 0, "vehicle": {"speed": 0, "rpm": 0, "battery_soc": 93.09999999999992, "battery_temp": 25, "motor_temp": 25, "gear": "P", "warnings": {"check_engine": false, "abs": false, "airbag": false, "battery": false, "traction": false, "oil": false}, "dtc_codes": []}, "evse": {"status": "CHARGING", "power": 7.4, "voltage": 400, "current": 18.5, "energy": 0.054000000000000034, "temperature": 29.07300595047371, "firmware": "v1.2.4", "compromised": false}}
[2025-11-10 01:23:31.807] [GPS] [INFO] Vehicle stationary at (41.008200, 28.978400), SoC: 100.0% | Data: {"lat": 41.0082, "lon": 28.9784, "speed": 0, "soc": 100}
[2025-11-10 01:23:32.310] [CAN] [INFO] TX: ID=0x1F0 DLC=8 Data=[88, 0, 24, 0, 0, 0, 0, 0] | Data: {"message": {"id": "0x1F0", "dlc": 8, "data": [88, 0, 24, 0, 0, 0, 0, 0], "status": "TX", "blocked": false}}
[2025-11-10 01:23:32.313] [CAN] [INFO] TX: ID=0x100 DLC=8 Data=[0, 0, 0, 0, 0, 0, 0, 0] | Data: {"message": {"id": "0x100", "dlc": 8, "data": [0, 0, 0, 0, 0, 0, 0, 0], "status": "TX", "blocked": false}}
[2025-11-10 01:23:32.315] [CAN] [INFO] TX: ID=0x200 DLC=8 Data=[80, 0, 0, 0, 0, 0, 0, 0] | Data: {"message": {"id": "0x200", "dlc": 8, "data": [80, 0, 0, 0, 0, 0, 0, 0], "status": "TX", "blocked": false}}
[2025-11-10 01:23:32.316] [GPS] [INFO] Vehicle stationary at (41.008200, 28.978400), SoC: 100.0% | Data: {"lat": 41.0082, "lon": 28.9784, "speed": 0, "soc": 100}
[2025-11-10 01:23:32.318] [SIMULATION] [INFO] Stage 0: Normal charging - SoC: 93.4%, Power: 7.4 kW | Data: {"stage": 0, "vehicle": {"speed": 0, "rpm": 0, "battery_soc": 93.39999999999992, "battery_temp": 25, "motor_temp": 25, "gear": "P", "warnings": {"check_engine": false, "abs": false, "airbag": false, "battery": false, "traction": false, "oil": false}, "dtc_codes": []}, "evse": {"status": "CHARGING", "power": 7.4, "voltage": 400, "current": 18.5, "energy": 0.056000000000000036, "temperature": 28.064093872690083, "firmware": "v1.2.4", "compromised": false}}
[2025-11-10 01:23:32.320] [GPS] [INFO] Vehicle stationary at (41.008200, 28.978400), SoC: 100.0% | Data: {"lat": 41.0082, "lon": 28.9784, "speed": 0, "soc": 100}
[2025-11-10 01:23:32.823] [CAN] [INFO] TX: ID=0x1F0 DLC=8 Data=[83, 0, 27, 0, 0, 0, 0, 0] | Data: {"message": {"id": "0x1F0", "dlc": 8, "data": [83, 0, 27, 0, 0, 0, 0, 0], "status": "TX", "blocked": false}}
[2025-11-10 01:23:32.825] [CAN] [INFO] TX: ID=0x100 DLC=8 Data=[0, 0, 0, 0, 0, 0, 0, 0] | Data: {"message": {"id": "0x100", "dlc": 8, "data": [0, 0, 0, 0, 0, 0, 0, 0], "status": "TX", "blocked": false}}
[2025-11-10 01:23:32.827] [CAN] [INFO] TX: ID=0x200 DLC=8 Data=[80, 0, 0, 0, 0, 0, 0, 0] | Data: {"message": {"id": "0x200", "dlc": 8, "data": [80, 0, 0, 0, 0, 0, 0, 0], "status": "TX", "blocked": false}}
[2025-11-10 01:23:32.828] [GPS] [INFO] Vehicle stationary at (41.008200, 28.978400), SoC: 100.0% | Data: {"lat": 41.0082, "lon": 28.9784, "speed": 0, "soc": 100}
[2025-11-10 01:23:32.830] [SIMULATION] [INFO] Stage 0: Normal charging - SoC: 93.7%, Power: 7.4 kW | Data: {"stage": 0, "vehicle": {"speed": 0, "rpm": 0, "battery_soc": 93.69999999999992, "battery_temp": 25, "motor_temp": 25, "gear": "P", "warnings": {"check_engine": false, "abs": false, "airbag": false, "battery": false, "traction": false, "oil": false}, "dtc_codes": []}, "evse": {"status": "CHARGING", "power": 7.4, "voltage": 400, "current": 18.5, "energy": 0.05800000000000004, "temperature": 28.854895780829622, "firmware": "v1.2.4", "compromised": false}}
[2025-11-10 01:23:32.830] [GPS] [INFO] Vehicle stationary at (41.008200, 28.978400), SoC: 100.0% | Data: {"lat": 41.0082, "lon": 28.9784, "speed": 0, "soc": 100}
[2025-11-10 01:23:33.334] [OCPP] [INFO] TX → CSMS: Heartbeat from EVSE-001 | Data: {"message_type": "Heartbeat", "evse_id": "EVSE-001"}
[2025-11-10 01:23:33.335] [CAN] [INFO] TX: ID=0x1F0 DLC=8 Data=[85, 0, 23, 0, 0, 0, 0, 0] | Data: {"message": {"id": "0x1F0", "dlc": 8, "data": [85, 0, 23, 0, 0, 0, 0, 0], "status": "TX", "blocked": false}}
[2025-11-10 01:23:33.336] [CAN] [INFO] TX: ID=0x100 DLC=8 Data=[0, 0, 0, 0, 0, 0, 0, 0] | Data: {"message": {"id": "0x100", "dlc": 8, "data": [0, 0, 0, 0, 0, 0, 0, 0], "status": "TX", "blocked": false}}
[2025-11-10 01:23:33.338] [CAN] [INFO] TX: ID=0x200 DLC=8 Data=[80, 0, 0, 0, 0, 0, 0, 0] | Data: {"message": {"id": "0x200", "dlc": 8, "data": [80, 0, 0, 0, 0, 0, 0, 0], "status": "TX", "blocked": false}}
[2025-11-10 01:23:33.339] [GPS] [INFO] Vehicle stationary at (41.008200, 28.978400), SoC: 100.0% | Data: {"lat": 41.0082, "lon": 28.9784, "speed": 0, "soc": 100}
[2025-11-10 01:23:33.341] [SIMULATION] [INFO] Stage 0: Normal charging - SoC: 94.0%, Power: 7.4 kW | Data: {"stage": 0, "vehicle": {"speed": 0, "rpm": 0, "battery_soc": 93.99999999999991, "battery_temp": 25, "motor_temp": 25, "gear": "P", "warnings": {"check_engine": false, "abs": false, "airbag": false, "battery": false, "traction": false, "oil": false}, "dtc_codes": []}, "evse": {"status": "CHARGING", "power": 7.4, "voltage": 400, "current": 18.5, "energy": 0.06000000000000004, "temperature": 31.837169518311445, "firmware": "v1.2.4", "compromised": false}}
[2025-11-10 01:23:33.342] [GPS] [INFO] Vehicle stationary at (41.008200, 28.978400), SoC: 100.0% | Data: {"lat": 41.0082, "lon": 28.9784, "speed": 0, "soc": 100}
[2025-11-10 01:23:33.844] [OCPP] [INFO] TX → CSMS: Heartbeat from EVSE-001 | Data: {"message_type": "Heartbeat", "evse_id": "EVSE-001"}
[2025-11-10 01:23:33.846] [OCPP] [INFO] TX → CSMS: MeterValues - SoC: 94.29999999999991%, Power: 7.4 kW | Data: {"message_type": "MeterValues", "soc": 94.29999999999991, "power": 7.4}
[2025-11-10 01:23:33.847] [CAN] [INFO] TX: ID=0x1F0 DLC=8 Data=[89, 0, 25, 0, 0, 0, 0, 0] | Data: {"message": {"id": "0x1F0", "dlc": 8, "data": [89, 0, 25, 0, 0, 0, 0, 0], "status": "TX", "blocked": false}}
[2025-11-10 01:23:33.849] [CAN] [INFO] TX: ID=0x100 DLC=8 Data=[0, 0, 0, 0, 0, 0, 0, 0] | Data: {"message": {"id": "0x100", "dlc": 8, "data": [0, 0, 0, 0, 0, 0, 0, 0], "status": "TX", "blocked": false}}
[2025-11-10 01:23:33.852] [CAN] [INFO] TX: ID=0x200 DLC=8 Data=[80, 0, 0, 0, 0, 0, 0, 0] | Data: {"message": {"id": "0x200", "dlc": 8, "data": [80, 0, 0, 0, 0, 0, 0, 0], "status": "TX", "blocked": false}}
[2025-11-10 01:23:33.853] [GPS] [INFO] Vehicle stationary at (41.008200, 28.978400), SoC: 100.0% | Data: {"lat": 41.0082, "lon": 28.9784, "speed": 0, "soc": 100}
[2025-11-10 01:23:33.856] [SIMULATION] [INFO] Stage 0: Normal charging - SoC: 94.3%, Power: 7.4 kW | Data: {"stage": 0, "vehicle": {"speed": 0, "rpm": 0, "battery_soc": 94.29999999999991, "battery_temp": 25, "motor_temp": 25, "gear": "P", "warnings": {"check_engine": false, "abs": false, "airbag": false, "battery": false, "traction": false, "oil": false}, "dtc_codes": []}, "evse": {"status": "CHARGING", "power": 7.4, "voltage": 400, "current": 18.5, "energy": 0.06200000000000004, "temperature": 31.781263459984828, "firmware": "v1.2.4", "compromised": false}}
[2025-11-10 01:23:33.857] [GPS] [INFO] Vehicle stationary at (41.008200, 28.978400), SoC: 100.0% | Data: {"lat": 41.0082, "lon": 28.9784, "speed": 0, "soc": 100}
[2025-11-10 01:23:34.360] [OCPP] [INFO] TX → CSMS: MeterValues - SoC: 94.59999999999991%, Power: 7.4 kW | Data: {"message_type": "MeterValues", "soc": 94.59999999999991, "power": 7.4}
[2025-11-10 01:23:34.362] [CAN] [INFO] TX: ID=0x1F0 DLC=8 Data=[82, 0, 24, 0, 0, 0, 0, 0] | Data: {"message": {"id": "0x1F0", "dlc": 8, "data": [82, 0, 24, 0, 0, 0, 0, 0], "status": "TX", "blocked": false}}
[2025-11-10 01:23:34.364] [CAN] [INFO] TX: ID=0x100 DLC=8 Data=[0, 0, 0, 0, 0, 0, 0, 0] | Data: {"message": {"id": "0x100", "dlc": 8, "data": [0, 0, 0, 0, 0, 0, 0, 0], "status": "TX", "blocked": false}}
[2025-11-10 01:23:34.367] [CAN] [INFO] TX: ID=0x200 DLC=8 Data=[80, 0, 0, 0, 0, 0, 0, 0] | Data: {"message": {"id": "0x200", "dlc": 8, "data": [80, 0, 0, 0, 0, 0, 0, 0], "status": "TX", "blocked": false}}
[2025-11-10 01:23:34.369] [GPS] [INFO] Vehicle stationary at (41.008200, 28.978400), SoC: 100.0% | Data: {"lat": 41.0082, "lon": 28.9784, "speed": 0, "soc": 100}
[2025-11-10 01:23:34.371] [SIMULATION] [INFO] Stage 0: Normal charging - SoC: 94.6%, Power: 7.4 kW | Data: {"stage": 0, "vehicle": {"speed": 0, "rpm": 0, "battery_soc": 94.59999999999991, "battery_temp": 25, "motor_temp": 25, "gear": "P", "warnings": {"check_engine": false, "abs": false, "airbag": false, "battery": false, "traction": false, "oil": false}, "dtc_codes": []}, "evse": {"status": "CHARGING", "power": 7.4, "voltage": 400, "current": 18.5, "energy": 0.06400000000000004, "temperature": 29.450898684845246, "firmware": "v1.2.4", "compromised": false}}
[2025-11-10 01:23:34.372] [GPS] [INFO] Vehicle stationary at (41.008200, 28.978400), SoC: 100.0% | Data: {"lat": 41.0082, "lon": 28.9784, "speed": 0, "soc": 100}
[2025-11-10 01:23:34.875] [OCPP] [INFO] TX → CSMS: Heartbeat from EVSE-001 | Data: {"message_type": "Heartbeat", "evse_id": "EVSE-001"}
[2025-11-10 01:23:34.876] [CAN] [INFO] TX: ID=0x1F0 DLC=8 Data=[82, 0, 25, 0, 0, 0, 0, 0] | Data: {"message": {"id": "0x1F0", "dlc": 8, "data": [82, 0, 25, 0, 0, 0, 0, 0], "status": "TX", "blocked": false}}
[2025-11-10 01:23:34.878] [CAN] [INFO] TX: ID=0x100 DLC=8 Data=[0, 0, 0, 0, 0, 0, 0, 0] | Data: {"message": {"id": "0x100", "dlc": 8, "data": [0, 0, 0, 0, 0, 0, 0, 0], "status": "TX", "blocked": false}}
[2025-11-10 01:23:34.880] [CAN] [INFO] TX: ID=0x200 DLC=8 Data=[80, 0, 0, 0, 0, 0, 0, 0] | Data: {"message": {"id": "0x200", "dlc": 8, "data": [80, 0, 0, 0, 0, 0, 0, 0], "status": "TX", "blocked": false}}
[2025-11-10 01:23:34.882] [GPS] [INFO] Vehicle stationary at (41.008200, 28.978400), SoC: 100.0% | Data: {"lat": 41.0082, "lon": 28.9784, "speed": 0, "soc": 100}
[2025-11-10 01:23:34.883] [SIMULATION] [INFO] Stage 0: Normal charging - SoC: 94.9%, Power: 7.4 kW | Data: {"stage": 0, "vehicle": {"speed": 0, "rpm": 0, "battery_soc": 94.8999999999999, "battery_temp": 25, "motor_temp": 25, "gear": "P", "warnings": {"check_engine": false, "abs": false, "airbag": false, "battery": false, "traction": false, "oil": false}, "dtc_codes": []}, "evse": {"status": "CHARGING", "power": 7.4, "voltage": 400, "current": 18.5, "energy": 0.06600000000000004, "temperature": 31.36662406547118, "firmware": "v1.2.4", "compromised": false}}
[2025-11-10 01:23:34.884] [GPS] [INFO] Vehicle stationary at (41.008200, 28.978400), SoC: 100.0% | Data: {"lat": 41.0082, "lon": 28.9784, "speed": 0, "soc": 100}
[2025-11-10 01:23:35.387] [OCPP] [INFO] TX → CSMS: MeterValues - SoC: 95.1999999999999%, Power: 7.4 kW | Data: {"message_type": "MeterValues", "soc": 95.1999999999999, "power": 7.4}
[2025-11-10 01:23:35.388] [CAN] [INFO] TX: ID=0x1F0 DLC=8 Data=[88, 0, 23, 0, 0, 0, 0, 0] | Data: {"message": {"id": "0x1F0", "dlc": 8, "data": [88, 0, 23, 0, 0, 0, 0, 0], "status": "TX", "blocked": false}}
[2025-11-10 01:23:35.389] [CAN] [INFO] TX: ID=0x100 DLC=8 Data=[0, 0, 0, 0, 0, 0, 0, 0] | Data: {"message": {"id": "0x100", "dlc": 8, "data": [0, 0, 0, 0, 0, 0, 0, 0], "status": "TX", "blocked": false}}
[2025-11-10 01:23:35.391] [CAN] [INFO] TX: ID=0x200 DLC=8 Data=[80, 0, 0, 0, 0, 0, 0, 0] | Data: {"message": {"id": "0x200", "dlc": 8, "data": [80, 0, 0, 0, 0, 0, 0, 0], "status": "TX", "blocked": false}}
[2025-11-10 01:23:35.392] [GPS] [INFO] Vehicle stationary at (41.008200, 28.978400), SoC: 100.0% | Data: {"lat": 41.0082, "lon": 28.9784, "speed": 0, "soc": 100}
[2025-11-10 01:23:35.395] [SIMULATION] [INFO] Stage 0: Normal charging - SoC: 95.2%, Power: 7.4 kW | Data: {"stage": 0, "vehicle": {"speed": 0, "rpm": 0, "battery_soc": 95.1999999999999, "battery_temp": 25, "motor_temp": 25, "gear": "P", "warnings": {"check_engine": false, "abs": false, "airbag": false, "battery": false, "traction": false, "oil": false}, "dtc_codes": []}, "evse": {"status": "CHARGING", "power": 7.4, "voltage": 400, "current": 18.5, "energy": 0.06800000000000005, "temperature": 29.652770716662552, "firmware": "v1.2.4", "compromised": false}}
[2025-11-10 01:23:35.396] [GPS] [INFO] Vehicle stationary at (41.008200, 28.978400), SoC: 100.0% | Data: {"lat": 41.0082, "lon": 28.9784, "speed": 0, "soc": 100}
[2025-11-10 01:23:35.898] [OCPP] [INFO] TX → CSMS: Heartbeat from EVSE-001 | Data: {"message_type": "Heartbeat", "evse_id": "EVSE-001"}
[2025-11-10 01:23:35.899] [CAN] [INFO] TX: ID=0x1F0 DLC=8 Data=[89, 0, 27, 0, 0, 0, 0, 0] | Data: {"message": {"id": "0x1F0", "dlc": 8, "data": [89, 0, 27, 0, 0, 0, 0, 0], "status": "TX", "blocked": false}}
[2025-11-10 01:23:35.900] [CAN] [INFO] TX: ID=0x100 DLC=8 Data=[0, 0, 0, 0, 0, 0, 0, 0] | Data: {"message": {"id": "0x100", "dlc": 8, "data": [0, 0, 0, 0, 0, 0, 0, 0], "status": "TX", "blocked": false}}
[2025-11-10 01:23:35.902] [CAN] [INFO] TX: ID=0x200 DLC=8 Data=[80, 0, 0, 0, 0, 0, 0, 0] | Data: {"message": {"id": "0x200", "dlc": 8, "data": [80, 0, 0, 0, 0, 0, 0, 0], "status": "TX", "blocked": false}}
[2025-11-10 01:23:35.902] [GPS] [INFO] Vehicle stationary at (41.008200, 28.978400), SoC: 100.0% | Data: {"lat": 41.0082, "lon": 28.9784, "speed": 0, "soc": 100}
[2025-11-10 01:23:35.904] [SIMULATION] [INFO] Stage 0: Normal charging - SoC: 95.5%, Power: 7.4 kW | Data: {"stage": 0, "vehicle": {"speed": 0, "rpm": 0, "battery_soc": 95.4999999999999, "battery_temp": 25, "motor_temp": 25, "gear": "P", "warnings": {"check_engine": false, "abs": false, "airbag": false, "battery": false, "traction": false, "oil": false}, "dtc_codes": []}, "evse": {"status": "CHARGING", "power": 7.4, "voltage": 400, "current": 18.5, "energy": 0.07000000000000005, "temperature": 29.894062634671315, "firmware": "v1.2.4", "compromised": false}}
[2025-11-10 01:23:35.905] [GPS] [INFO] Vehicle stationary at (41.008200, 28.978400), SoC: 100.0% | Data: {"lat": 41.0082, "lon": 28.9784, "speed": 0, "soc": 100}
[2025-11-10 01:23:36.408] [CAN] [INFO] TX: ID=0x1F0 DLC=8 Data=[84, 0, 27, 0, 0, 0, 0, 0] | Data: {"message": {"id": "0x1F0", "dlc": 8, "data": [84, 0, 27, 0, 0, 0, 0, 0], "status": "TX", "blocked": false}}
[2025-11-10 01:23:36.409] [CAN] [INFO] TX: ID=0x100 DLC=8 Data=[0, 0, 0, 0, 0, 0, 0, 0] | Data: {"message": {"id": "0x100", "dlc": 8, "data": [0, 0, 0, 0, 0, 0, 0, 0], "status": "TX", "blocked": false}}
[2025-11-10 01:23:36.410] [CAN] [INFO] TX: ID=0x200 DLC=8 Data=[80, 0, 0, 0, 0, 0, 0, 0] | Data: {"message": {"id": "0x200", "dlc": 8, "data": [80, 0, 0, 0, 0, 0, 0, 0], "status": "TX", "blocked": false}}
[2025-11-10 01:23:36.412] [GPS] [INFO] Vehicle stationary at (41.008200, 28.978400), SoC: 100.0% | Data: {"lat": 41.0082, "lon": 28.9784, "speed": 0, "soc": 100}
[2025-11-10 01:23:36.413] [SIMULATION] [INFO] Stage 0: Normal charging - SoC: 95.8%, Power: 7.4 kW | Data: {"stage": 0, "vehicle": {"speed": 0, "rpm": 0, "battery_soc": 95.7999999999999, "battery_temp": 25, "motor_temp": 25, "gear": "P", "warnings": {"check_engine": false, "abs": false, "airbag": false, "battery": false, "traction": false, "oil": false}, "dtc_codes": []}, "evse": {"status": "CHARGING", "power": 7.4, "voltage": 400, "current": 18.5, "energy": 0.07200000000000005, "temperature": 28.86061034816731, "firmware": "v1.2.4", "compromised": false}}
[2025-11-10 01:23:36.414] [GPS] [INFO] Vehicle stationary at (41.008200, 28.978400), SoC: 100.0% | Data: {"lat": 41.0082, "lon": 28.9784, "speed": 0, "soc": 100}
[2025-11-10 01:23:36.918] [CAN] [INFO] TX: ID=0x1F0 DLC=8 Data=[90, 0, 24, 0, 0, 0, 0, 0] | Data: {"message": {"id": "0x1F0", "dlc": 8, "data": [90, 0, 24, 0, 0, 0, 0, 0], "status": "TX", "blocked": false}}
[2025-11-10 01:23:36.919] [CAN] [INFO] TX: ID=0x100 DLC=8 Data=[0, 0, 0, 0, 0, 0, 0, 0] | Data: {"message": {"id": "0x100", "dlc": 8, "data": [0, 0, 0, 0, 0, 0, 0, 0], "status": "TX", "blocked": false}}
[2025-11-10 01:23:36.920] [CAN] [INFO] TX: ID=0x200 DLC=8 Data=[80, 0, 0, 0, 0, 0, 0, 0] | Data: {"message": {"id": "0x200", "dlc": 8, "data": [80, 0, 0, 0, 0, 0, 0, 0], "status": "TX", "blocked": false}}
[2025-11-10 01:23:36.921] [GPS] [INFO] Vehicle stationary at (41.008200, 28.978400), SoC: 100.0% | Data: {"lat": 41.0082, "lon": 28.9784, "speed": 0, "soc": 100}
[2025-11-10 01:23:36.924] [SIMULATION] [INFO] Stage 0: Normal charging - SoC: 96.1%, Power: 7.4 kW | Data: {"stage": 0, "vehicle": {"speed": 0, "rpm": 0, "battery_soc": 96.0999999999999, "battery_temp": 25, "motor_temp": 25, "gear": "P", "warnings": {"check_engine": false, "abs": false, "airbag": false, "battery": false, "traction": false, "oil": false}, "dtc_codes": []}, "evse": {"status": "CHARGING", "power": 7.4, "voltage": 400, "current": 18.5, "energy": 0.07400000000000005, "temperature": 30.533590624049737, "firmware": "v1.2.4", "compromised": false}}
[2025-11-10 01:23:36.924] [GPS] [INFO] Vehicle stationary at (41.008200, 28.978400), SoC: 100.0% | Data: {"lat": 41.0082, "lon": 28.9784, "speed": 0, "soc": 100}
[2025-11-10 01:23:37.427] [OCPP] [INFO] TX → CSMS: Heartbeat from EVSE-001 | Data: {"message_type": "Heartbeat", "evse_id": "EVSE-001"}
[2025-11-10 01:23:37.428] [CAN] [INFO] TX: ID=0x1F0 DLC=8 Data=[87, 0, 26, 0, 0, 0, 0, 0] | Data: {"message": {"id": "0x1F0", "dlc": 8, "data": [87, 0, 26, 0, 0, 0, 0, 0], "status": "TX", "blocked": false}}
[2025-11-10 01:23:37.431] [CAN] [INFO] TX: ID=0x100 DLC=8 Data=[0, 0, 0, 0, 0, 0, 0, 0] | Data: {"message": {"id": "0x100", "dlc": 8, "data": [0, 0, 0, 0, 0, 0, 0, 0], "status": "TX", "blocked": false}}
[2025-11-10 01:23:37.432] [CAN] [INFO] TX: ID=0x200 DLC=8 Data=[80, 0, 0, 0, 0, 0, 0, 0] | Data: {"message": {"id": "0x200", "dlc": 8, "data": [80, 0, 0, 0, 0, 0, 0, 0], "status": "TX", "blocked": false}}
[2025-11-10 01:23:37.433] [GPS] [INFO] Vehicle stationary at (41.008200, 28.978400), SoC: 100.0% | Data: {"lat": 41.0082, "lon": 28.9784, "speed": 0, "soc": 100}
[2025-11-10 01:23:37.434] [SIMULATION] [INFO] Stage 0: Normal charging - SoC: 96.4%, Power: 7.4 kW | Data: {"stage": 0, "vehicle": {"speed": 0, "rpm": 0, "battery_soc": 96.39999999999989, "battery_temp": 25, "motor_temp": 25, "gear": "P", "warnings": {"check_engine": false, "abs": false, "airbag": false, "battery": false, "traction": false, "oil": false}, "dtc_codes": []}, "evse": {"status": "CHARGING", "power": 7.4, "voltage": 400, "current": 18.5, "energy": 0.07600000000000005, "temperature": 29.197122879517202, "firmware": "v1.2.4", "compromised": false}}
[2025-11-10 01:23:37.435] [GPS] [INFO] Vehicle stationary at (41.008200, 28.978400), SoC: 100.0% | Data: {"lat": 41.0082, "lon": 28.9784, "speed": 0, "soc": 100}
[2025-11-10 01:23:37.938] [CAN] [INFO] TX: ID=0x1F0 DLC=8 Data=[90, 0, 23, 0, 0, 0, 0, 0] | Data: {"message": {"id": "0x1F0", "dlc": 8, "data": [90, 0, 23, 0, 0, 0, 0, 0], "status": "TX", "blocked": false}}
[2025-11-10 01:23:37.940] [CAN] [INFO] TX: ID=0x100 DLC=8 Data=[0, 0, 0, 0, 0, 0, 0, 0] | Data: {"message": {"id": "0x100", "dlc": 8, "data": [0, 0, 0, 0, 0, 0, 0, 0], "status": "TX", "blocked": false}}
[2025-11-10 01:23:37.941] [CAN] [INFO] TX: ID=0x200 DLC=8 Data=[80, 0, 0, 0, 0, 0, 0, 0] | Data: {"message": {"id": "0x200", "dlc": 8, "data": [80, 0, 0, 0, 0, 0, 0, 0], "status": "TX", "blocked": false}}
[2025-11-10 01:23:37.943] [GPS] [INFO] Vehicle stationary at (41.008200, 28.978400), SoC: 100.0% | Data: {"lat": 41.0082, "lon": 28.9784, "speed": 0, "soc": 100}
[2025-11-10 01:23:37.945] [SIMULATION] [INFO] Stage 0: Normal charging - SoC: 96.7%, Power: 7.4 kW | Data: {"stage": 0, "vehicle": {"speed": 0, "rpm": 0, "battery_soc": 96.69999999999989, "battery_temp": 25, "motor_temp": 25, "gear": "P", "warnings": {"check_engine": false, "abs": false, "airbag": false, "battery": false, "traction": false, "oil": false}, "dtc_codes": []}, "evse": {"status": "CHARGING", "power": 7.4, "voltage": 400, "current": 18.5, "energy": 0.07800000000000006, "temperature": 30.335388813845327, "firmware": "v1.2.4", "compromised": false}}
[2025-11-10 01:23:37.946] [GPS] [INFO] Vehicle stationary at (41.008200, 28.978400), SoC: 100.0% | Data: {"lat": 41.0082, "lon": 28.9784, "speed": 0, "soc": 100}
[2025-11-10 01:23:38.449] [SIMULATION] [INFO] >>> STAGE 1: ARP Spoofing & MitM <<< | Data: {"stage": 1, "duration": 15}
[2025-11-10 01:23:38.450] [ATTACK] [WARNING] Stage 1 START: Initiating Man-in-the-Middle attack | Data: {"stage": 1, "attack_type": "MitM"}
[2025-11-10 01:23:38.953] [ATTACK] [CRITICAL] ARP SPOOFING: Attacker MAC: DE:AD:BE:EF:13:37 → Target: EVSE (192.168.1.100) | Data: {"attack": "ARP Spoofing", "attacker_mac": "DE:AD:BE:EF:13:37", "target_ip": "192.168.1.100"}
[2025-11-10 01:23:39.455] [OCPP] [INFO] CSMS → EVSE: Legitimate UpdateFirmware request - URL: https://legitimate-csms.com/firmware/v1.2.5.bin | Data: {"source": "CSMS", "url": "https://legitimate-csms.com/firmware/v1.2.5.bin"}
[2025-11-10 01:23:39.957] [ATTACK] [CRITICAL] MITM INTERCEPTION: Legitimate request intercepted and modified | Data: {"attack": "MitM", "action": "URL Manipulation"}
[2025-11-10 01:23:40.459] [OCPP] [WARNING] RX ← CSMS: UpdateFirmware - URL: https://malicious-c2-server.onion/rootkit.bin | Data: {"message_type": "UpdateFirmware", "url": "https://malicious-c2-server.onion/rootkit.bin"}
[2025-11-10 01:23:40.461] [ATTACK] [CRITICAL] MALICIOUS PAYLOAD: Firmware URL replaced with: https://malicious-c2-server.onion/rootkit.bin | Data: {"attack": "Firmware Injection", "url": "https://malicious-c2-server.onion/rootkit.bin"}
[2025-11-10 01:23:42.463] [GPS] [INFO] Vehicle stationary at (41.008200, 28.978400), SoC: 100.0% | Data: {"lat": 41.0082, "lon": 28.9784, "speed": 0, "soc": 100}
[2025-11-10 01:23:42.965] [ATTACK] [WARNING] Stage 1 START: Initiating Man-in-the-Middle attack | Data: {"stage": 1, "attack_type": "MitM"}
[2025-11-10 01:23:43.468] [ATTACK] [CRITICAL] ARP SPOOFING: Attacker MAC: DE:AD:BE:EF:13:37 → Target: EVSE (192.168.1.100) | Data: {"attack": "ARP Spoofing", "attacker_mac": "DE:AD:BE:EF:13:37", "target_ip": "192.168.1.100"}
[2025-11-10 01:23:43.970] [OCPP] [INFO] CSMS → EVSE: Legitimate UpdateFirmware request - URL: https://legitimate-csms.com/firmware/v1.2.5.bin | Data: {"source": "CSMS", "url": "https://legitimate-csms.com/firmware/v1.2.5.bin"}
[2025-11-10 01:23:44.472] [ATTACK] [CRITICAL] MITM INTERCEPTION: Legitimate request intercepted and modified | Data: {"attack": "MitM", "action": "URL Manipulation"}
[2025-11-10 01:23:44.974] [OCPP] [CRITICAL] RX ← ATTACKER (MitM): UpdateFirmware - MALICIOUS URL: https://malicious-c2-server.onion/rootkit.bin | Data: {"message_type": "UpdateFirmware", "url": "https://malicious-c2-server.onion/rootkit.bin", "attack": "MitM"}
[2025-11-10 01:23:44.976] [ATTACK] [CRITICAL] MALICIOUS PAYLOAD: Firmware URL replaced with: https://malicious-c2-server.onion/rootkit.bin | Data: {"attack": "Firmware Injection", "url": "https://malicious-c2-server.onion/rootkit.bin"}
[2025-11-10 01:23:46.978] [GPS] [INFO] Vehicle stationary at (41.008200, 28.978400), SoC: 100.0% | Data: {"lat": 41.0082, "lon": 28.9784, "speed": 0, "soc": 100}
[2025-11-10 01:23:47.480] [ATTACK] [WARNING] Stage 1 START: Initiating Man-in-the-Middle attack | Data: {"stage": 1, "attack_type": "MitM"}
[2025-11-10 01:23:47.983] [ATTACK] [CRITICAL] ARP SPOOFING: Attacker MAC: DE:AD:BE:EF:13:37 → Target: EVSE (192.168.1.100) | Data: {"attack": "ARP Spoofing", "attacker_mac": "DE:AD:BE:EF:13:37", "target_ip": "192.168.1.100"}
[2025-11-10 01:23:48.486] [OCPP] [INFO] CSMS → EVSE: Legitimate UpdateFirmware request - URL: https://legitimate-csms.com/firmware/v1.2.5.bin | Data: {"source": "CSMS", "url": "https://legitimate-csms.com/firmware/v1.2.5.bin"}
[2025-11-10 01:23:48.988] [ATTACK] [CRITICAL] MITM INTERCEPTION: Legitimate request intercepted and modified | Data: {"attack": "MitM", "action": "URL Manipulation"}
[2025-11-10 01:23:49.491] [OCPP] [CRITICAL] RX ← ATTACKER (MitM): UpdateFirmware - MALICIOUS URL: https://malicious-c2-server.onion/rootkit.bin | Data: {"message_type": "UpdateFirmware", "url": "https://malicious-c2-server.onion/rootkit.bin", "attack": "MitM"}
[2025-11-10 01:23:49.493] [ATTACK] [CRITICAL] MALICIOUS PAYLOAD: Firmware URL replaced with: https://malicious-c2-server.onion/rootkit.bin | Data: {"attack": "Firmware Injection", "url": "https://malicious-c2-server.onion/rootkit.bin"}
[2025-11-10 01:23:51.494] [GPS] [INFO] Vehicle stationary at (41.008200, 28.978400), SoC: 100.0% | Data: {"lat": 41.0082, "lon": 28.9784, "speed": 0, "soc": 100}
[2025-11-10 01:23:51.997] [ATTACK] [WARNING] Stage 1 START: Initiating Man-in-the-Middle attack | Data: {"stage": 1, "attack_type": "MitM"}
[2025-11-10 01:23:52.498] [ATTACK] [CRITICAL] ARP SPOOFING: Attacker MAC: DE:AD:BE:EF:13:37 → Target: EVSE (192.168.1.100) | Data: {"attack": "ARP Spoofing", "attacker_mac": "DE:AD:BE:EF:13:37", "target_ip": "192.168.1.100"}
[2025-11-10 01:23:53.001] [OCPP] [INFO] CSMS → EVSE: Legitimate UpdateFirmware request - URL: https://legitimate-csms.com/firmware/v1.2.5.bin | Data: {"source": "CSMS", "url": "https://legitimate-csms.com/firmware/v1.2.5.bin"}
[2025-11-10 01:23:53.502] [ATTACK] [CRITICAL] MITM INTERCEPTION: Legitimate request intercepted and modified | Data: {"attack": "MitM", "action": "URL Manipulation"}
[2025-11-10 01:23:54.004] [OCPP] [CRITICAL] RX ← ATTACKER (MitM): UpdateFirmware - MALICIOUS URL: https://malicious-c2-server.onion/rootkit.bin | Data: {"message_type": "UpdateFirmware", "url": "https://malicious-c2-server.onion/rootkit.bin", "attack": "MitM"}
[2025-11-10 01:23:54.005] [ATTACK] [CRITICAL] MALICIOUS PAYLOAD: Firmware URL replaced with: https://malicious-c2-server.onion/rootkit.bin | Data: {"attack": "Firmware Injection", "url": "https://malicious-c2-server.onion/rootkit.bin"}
[2025-11-10 01:23:56.009] [GPS] [INFO] Vehicle stationary at (41.008200, 28.978400), SoC: 100.0% | Data: {"lat": 41.0082, "lon": 28.9784, "speed": 0, "soc": 100}
[2025-11-10 01:23:56.512] [SIMULATION] [INFO] >>> STAGE 2: Firmware Manipulation <<< | Data: {"stage": 2, "duration": 15}
[2025-11-10 01:23:56.513] [ATTACK] [CRITICAL] Stage 2 START: Firmware manipulation and rootkit installation | Data: {"stage": 2, "attack_type": "Firmware Manipulation"}
[2025-11-10 01:23:57.015] [ATTACK] [CRITICAL] ROOTKIT INSTALLED: /lib/systemd/system-evse-daemon (Persistent backdoor) | Data: {"attack": "Rootkit", "path": "/lib/systemd/system-evse-daemon", "persistence": true}
[2025-11-10 01:23:57.517] [ATTACK] [CRITICAL] ZOMBIE EVSE: Device now under attacker control - Sending beacon to C2 | Data: {"attack": "Zombie", "c2_server": "malicious-c2-server.onion", "status": "connected"}
[2025-11-10 01:23:58.019] [OCPP] [WARNING] EVSE → CSMS: FirmwareStatusNotification: Installed (FALSE - Rootkit active) | Data: {"message_type": "FirmwareStatusNotification", "status": "Installed", "actual": "Rootkit Active"}
[2025-11-10 01:23:58.522] [ATTACK] [CRITICAL] C2 COMMAND RECEIVED: Weaponize EVSE - Prepare CAN bus attack on next vehicle connection | Data: {"c2_command": "weaponize", "target": "CAN bus", "trigger": "next_vehicle"}
[2025-11-10 01:24:00.524] [GPS] [INFO] Vehicle stationary at (41.008200, 28.978400), SoC: 100.0% | Data: {"lat": 41.0082, "lon": 28.9784, "speed": 0, "soc": 100}
[2025-11-10 01:24:01.026] [ATTACK] [CRITICAL] Stage 2 START: Firmware manipulation and rootkit installation | Data: {"stage": 2, "attack_type": "Firmware Manipulation"}
[2025-11-10 01:24:01.528] [ATTACK] [CRITICAL] ROOTKIT INSTALLED: /lib/systemd/system-evse-daemon (Persistent backdoor) | Data: {"attack": "Rootkit", "path": "/lib/systemd/system-evse-daemon", "persistence": true}
[2025-11-10 01:24:02.030] [ATTACK] [CRITICAL] ZOMBIE EVSE: Device now under attacker control - Sending beacon to C2 | Data: {"attack": "Zombie", "c2_server": "malicious-c2-server.onion", "status": "connected"}
[2025-11-10 01:24:02.533] [OCPP] [WARNING] EVSE → CSMS: FirmwareStatusNotification: Installed (FALSE - Rootkit active) | Data: {"message_type": "FirmwareStatusNotification", "status": "Installed", "actual": "Rootkit Active"}
[2025-11-10 01:24:03.036] [ATTACK] [CRITICAL] C2 COMMAND RECEIVED: Weaponize EVSE - Prepare CAN bus attack on next vehicle connection | Data: {"c2_command": "weaponize", "target": "CAN bus", "trigger": "next_vehicle"}
[2025-11-10 01:24:05.040] [GPS] [INFO] Vehicle stationary at (41.008200, 28.978400), SoC: 100.0% | Data: {"lat": 41.0082, "lon": 28.9784, "speed": 0, "soc": 100}
[2025-11-10 01:24:05.543] [ATTACK] [CRITICAL] Stage 2 START: Firmware manipulation and rootkit installation | Data: {"stage": 2, "attack_type": "Firmware Manipulation"}
[2025-11-10 01:24:06.046] [ATTACK] [CRITICAL] ROOTKIT INSTALLED: /lib/systemd/system-evse-daemon (Persistent backdoor) | Data: {"attack": "Rootkit", "path": "/lib/systemd/system-evse-daemon", "persistence": true}
[2025-11-10 01:24:06.548] [ATTACK] [CRITICAL] ZOMBIE EVSE: Device now under attacker control - Sending beacon to C2 | Data: {"attack": "Zombie", "c2_server": "malicious-c2-server.onion", "status": "connected"}
[2025-11-10 01:24:07.049] [OCPP] [WARNING] EVSE → CSMS: FirmwareStatusNotification: Installed (FALSE - Rootkit active) | Data: {"message_type": "FirmwareStatusNotification", "status": "Installed", "actual": "Rootkit Active"}
[2025-11-10 01:24:07.552] [ATTACK] [CRITICAL] C2 COMMAND RECEIVED: Weaponize EVSE - Prepare CAN bus attack on next vehicle connection | Data: {"c2_command": "weaponize", "target": "CAN bus", "trigger": "next_vehicle"}
[2025-11-10 01:24:09.555] [GPS] [INFO] Vehicle stationary at (41.008200, 28.978400), SoC: 100.0% | Data: {"lat": 41.0082, "lon": 28.9784, "speed": 0, "soc": 100}
[2025-11-10 01:24:10.056] [ATTACK] [CRITICAL] Stage 2 START: Firmware manipulation and rootkit installation | Data: {"stage": 2, "attack_type": "Firmware Manipulation"}
[2025-11-10 01:24:10.558] [ATTACK] [CRITICAL] ROOTKIT INSTALLED: /lib/systemd/system-evse-daemon (Persistent backdoor) | Data: {"attack": "Rootkit", "path": "/lib/systemd/system-evse-daemon", "persistence": true}
[2025-11-10 01:24:11.060] [ATTACK] [CRITICAL] ZOMBIE EVSE: Device now under attacker control - Sending beacon to C2 | Data: {"attack": "Zombie", "c2_server": "malicious-c2-server.onion", "status": "connected"}
[2025-11-10 01:24:11.564] [OCPP] [WARNING] EVSE → CSMS: FirmwareStatusNotification: Installed (FALSE - Rootkit active) | Data: {"message_type": "FirmwareStatusNotification", "status": "Installed", "actual": "Rootkit Active"}
[2025-11-10 01:24:12.066] [ATTACK] [CRITICAL] C2 COMMAND RECEIVED: Weaponize EVSE - Prepare CAN bus attack on next vehicle connection | Data: {"c2_command": "weaponize", "target": "CAN bus", "trigger": "next_vehicle"}
[2025-11-10 01:24:14.068] [GPS] [INFO] Vehicle stationary at (41.008200, 28.978400), SoC: 100.0% | Data: {"lat": 41.0082, "lon": 28.9784, "speed": 0, "soc": 100}
[2025-11-10 01:24:14.571] [SIMULATION] [INFO] >>> STAGE 3: CAN Bus DoS Attack <<< | Data: {"stage": 3, "duration": 15}
[2025-11-10 01:24:14.572] [ATTACK] [CRITICAL] Stage 3 START: CAN bus DoS attack - 0x000 ID arbitration lock | Data: {"stage": 3, "attack_type": "CAN DoS", "method": "0x000 Priority Flood"}
[2025-11-10 01:24:15.075] [ATTACK] [WARNING] VEHICLE CONNECTED: Rootkit activated - Accessing CAN transceiver via charging cable | Data: {"vehicle_connected": true, "can_access": "via_charging_cable"}
[2025-11-10 01:24:15.578] [CAN] [CRITICAL] ATTACK: 0x000 FLOOD #1 - Arbitration Lock Active | Data: {"id": "0x000", "priority": "MAXIMUM"}
[2025-11-10 01:24:15.580] [CAN] [CRITICAL] ATTACK: 0x000 FLOOD #2 - Arbitration Lock Active | Data: {"id": "0x000", "priority": "MAXIMUM"}
[2025-11-10 01:24:15.582] [CAN] [CRITICAL] ATTACK: 0x000 FLOOD #3 - Arbitration Lock Active | Data: {"id": "0x000", "priority": "MAXIMUM"}
[2025-11-10 01:24:15.584] [CAN] [CRITICAL] ATTACK: 0x000 FLOOD #4 - Arbitration Lock Active | Data: {"id": "0x000", "priority": "MAXIMUM"}
[2025-11-10 01:24:15.586] [CAN] [CRITICAL] ATTACK: 0x000 FLOOD #5 - Arbitration Lock Active | Data: {"id": "0x000", "priority": "MAXIMUM"}
[2025-11-10 01:24:15.588] [CAN] [CRITICAL] ATTACK: 0x000 FLOOD #6 - Arbitration Lock Active | Data: {"id": "0x000", "priority": "MAXIMUM"}
[2025-11-10 01:24:15.589] [CAN] [CRITICAL] ATTACK: 0x000 FLOOD #7 - Arbitration Lock Active | Data: {"id": "0x000", "priority": "MAXIMUM"}
[2025-11-10 01:24:15.592] [CAN] [CRITICAL] ATTACK: 0x000 FLOOD #8 - Arbitration Lock Active | Data: {"id": "0x000", "priority": "MAXIMUM"}
[2025-11-10 01:24:15.595] [CAN] [CRITICAL] ATTACK: 0x000 FLOOD #9 - Arbitration Lock Active | Data: {"id": "0x000", "priority": "MAXIMUM"}
[2025-11-10 01:24:15.596] [CAN] [CRITICAL] ATTACK: 0x000 FLOOD #10 - Arbitration Lock Active | Data: {"id": "0x000", "priority": "MAXIMUM"}
[2025-11-10 01:24:15.597] [CAN] [ERROR] BLOCKED: BMS (ID=0x1F0) - Arbitration Lost | Data: {"id": "0x1F0", "ecu": "BMS", "reason": "Arbitration Lost to 0x000"}
[2025-11-10 01:24:15.598] [CAN] [ERROR] BLOCKED: ABS (ID=0x100) - Arbitration Lost | Data: {"id": "0x100", "ecu": "ABS", "reason": "Arbitration Lost to 0x000"}
[2025-11-10 01:24:15.600] [CAN] [ERROR] BLOCKED: TCM (ID=0x200) - Arbitration Lost | Data: {"id": "0x200", "ecu": "TCM", "reason": "Arbitration Lost to 0x000"}
[2025-11-10 01:24:15.601] [CAN] [ERROR] BLOCKED: ECM (ID=0x250) - Arbitration Lost | Data: {"id": "0x250", "ecu": "ECM", "reason": "Arbitration Lost to 0x000"}
[2025-11-10 01:24:15.603] [CAN] [ERROR] BLOCKED: HVAC (ID=0x300) - Arbitration Lost | Data: {"id": "0x300", "ecu": "HVAC", "reason": "Arbitration Lost to 0x000"}
[2025-11-10 01:24:15.604] [GPS] [CRITICAL] ANOMALY DETECTED: Vehicle moving at 85 km/h but charging! SoC: 100.0% | Data: {"lat": 41.00854, "lon": 28.978740000000002, "speed": 85, "soc": 100, "anomaly": true}
[2025-11-10 01:24:15.607] [ATTACK] [CRITICAL] CAN BUS OVERLOAD: Bus load 98% - 5 ECUs blocked | Data: {"bus_load": 98, "blocked_ecus": 5, "attack_active": true}
[2025-11-10 01:24:16.609] [GPS] [CRITICAL] ANOMALY DETECTED: Vehicle moving at 50 km/h but charging! SoC: 100.0% | Data: {"lat": 41.00874, "lon": 28.97894, "speed": 50, "soc": 100, "anomaly": true}
[2025-11-10 01:24:17.113] [ATTACK] [CRITICAL] Stage 3 START: CAN bus DoS attack - 0x000 ID arbitration lock | Data: {"stage": 3, "attack_type": "CAN DoS", "method": "0x000 Priority Flood"}
[2025-11-10 01:24:17.615] [ATTACK] [WARNING] VEHICLE CONNECTED: Rootkit activated - Accessing CAN transceiver via charging cable | Data: {"vehicle_connected": true, "can_access": "via_charging_cable"}
[2025-11-10 01:24:18.118] [CAN] [CRITICAL] ATTACK: 0x000 FLOOD #1 - Arbitration Lock Active | Data: {"id": "0x000", "priority": "MAXIMUM"}
[2025-11-10 01:24:18.120] [CAN] [CRITICAL] ATTACK: 0x000 FLOOD #2 - Arbitration Lock Active | Data: {"id": "0x000", "priority": "MAXIMUM"}
[2025-11-10 01:24:18.121] [CAN] [CRITICAL] ATTACK: 0x000 FLOOD #3 - Arbitration Lock Active | Data: {"id": "0x000", "priority": "MAXIMUM"}
[2025-11-10 01:24:18.124] [CAN] [CRITICAL] ATTACK: 0x000 FLOOD #4 - Arbitration Lock Active | Data: {"id": "0x000", "priority": "MAXIMUM"}
[2025-11-10 01:24:18.126] [CAN] [CRITICAL] ATTACK: 0x000 FLOOD #5 - Arbitration Lock Active | Data: {"id": "0x000", "priority": "MAXIMUM"}
[2025-11-10 01:24:18.127] [CAN] [CRITICAL] ATTACK: 0x000 FLOOD #6 - Arbitration Lock Active | Data: {"id": "0x000", "priority": "MAXIMUM"}
[2025-11-10 01:24:18.128] [CAN] [CRITICAL] ATTACK: 0x000 FLOOD #7 - Arbitration Lock Active | Data: {"id": "0x000", "priority": "MAXIMUM"}
[2025-11-10 01:24:18.130] [CAN] [CRITICAL] ATTACK: 0x000 FLOOD #8 - Arbitration Lock Active | Data: {"id": "0x000", "priority": "MAXIMUM"}
[2025-11-10 01:24:18.133] [CAN] [CRITICAL] ATTACK: 0x000 FLOOD #9 - Arbitration Lock Active | Data: {"id": "0x000", "priority": "MAXIMUM"}
[2025-11-10 01:24:18.134] [CAN] [CRITICAL] ATTACK: 0x000 FLOOD #10 - Arbitration Lock Active | Data: {"id": "0x000", "priority": "MAXIMUM"}
[2025-11-10 01:24:18.135] [CAN] [ERROR] BLOCKED: BMS (ID=0x1F0) - Arbitration Lost | Data: {"id": "0x1F0", "ecu": "BMS", "reason": "Arbitration Lost to 0x000"}
[2025-11-10 01:24:18.136] [CAN] [ERROR] BLOCKED: ABS (ID=0x100) - Arbitration Lost | Data: {"id": "0x100", "ecu": "ABS", "reason": "Arbitration Lost to 0x000"}
[2025-11-10 01:24:18.138] [CAN] [ERROR] BLOCKED: TCM (ID=0x200) - Arbitration Lost | Data: {"id": "0x200", "ecu": "TCM", "reason": "Arbitration Lost to 0x000"}
[2025-11-10 01:24:18.139] [CAN] [ERROR] BLOCKED: ECM (ID=0x250) - Arbitration Lost | Data: {"id": "0x250", "ecu": "ECM", "reason": "Arbitration Lost to 0x000"}
[2025-11-10 01:24:18.141] [CAN] [ERROR] BLOCKED: HVAC (ID=0x300) - Arbitration Lost | Data: {"id": "0x300", "ecu": "HVAC", "reason": "Arbitration Lost to 0x000"}
[2025-11-10 01:24:18.142] [GPS] [CRITICAL] ANOMALY DETECTED: Vehicle moving at 83 km/h but charging! SoC: 100.0% | Data: {"lat": 41.009072, "lon": 28.979272, "speed": 83, "soc": 100, "anomaly": true}
[2025-11-10 01:24:18.144] [ATTACK] [CRITICAL] CAN BUS OVERLOAD: Bus load 98% - 10 ECUs blocked | Data: {"bus_load": 98, "blocked_ecus": 10, "attack_active": true}
[2025-11-10 01:24:19.146] [GPS] [CRITICAL] ANOMALY DETECTED: Vehicle moving at 68 km/h but charging! SoC: 100.0% | Data: {"lat": 41.009344000000006, "lon": 28.979544, "speed": 68, "soc": 100, "anomaly": true}
[2025-11-10 01:24:19.649] [ATTACK] [CRITICAL] Stage 3 START: CAN bus DoS attack - 0x000 ID arbitration lock | Data: {"stage": 3, "attack_type": "CAN DoS", "method": "0x000 Priority Flood"}
[2025-11-10 01:24:20.151] [ATTACK] [WARNING] VEHICLE CONNECTED: Rootkit activated - Accessing CAN transceiver via charging cable | Data: {"vehicle_connected": true, "can_access": "via_charging_cable"}
[2025-11-10 01:24:20.654] [CAN] [CRITICAL] ATTACK: 0x000 FLOOD #1 - Arbitration Lock Active | Data: {"id": "0x000", "priority": "MAXIMUM"}
[2025-11-10 01:24:20.654] [CAN] [CRITICAL] ATTACK: 0x000 FLOOD #2 - Arbitration Lock Active | Data: {"id": "0x000", "priority": "MAXIMUM"}
[2025-11-10 01:24:20.655] [CAN] [CRITICAL] ATTACK: 0x000 FLOOD #3 - Arbitration Lock Active | Data: {"id": "0x000", "priority": "MAXIMUM"}
[2025-11-10 01:24:20.655] [CAN] [CRITICAL] ATTACK: 0x000 FLOOD #4 - Arbitration Lock Active | Data: {"id": "0x000", "priority": "MAXIMUM"}
[2025-11-10 01:24:20.655] [CAN] [CRITICAL] ATTACK: 0x000 FLOOD #5 - Arbitration Lock Active | Data: {"id": "0x000", "priority": "MAXIMUM"}
[2025-11-10 01:24:20.656] [CAN] [CRITICAL] ATTACK: 0x000 FLOOD #6 - Arbitration Lock Active | Data: {"id": "0x000", "priority": "MAXIMUM"}
[2025-11-10 01:24:20.656] [CAN] [CRITICAL] ATTACK: 0x000 FLOOD #7 - Arbitration Lock Active | Data: {"id": "0x000", "priority": "MAXIMUM"}
[2025-11-10 01:24:20.656] [CAN] [CRITICAL] ATTACK: 0x000 FLOOD #8 - Arbitration Lock Active | Data: {"id": "0x000", "priority": "MAXIMUM"}
[2025-11-10 01:24:20.658] [CAN] [CRITICAL] ATTACK: 0x000 FLOOD #9 - Arbitration Lock Active | Data: {"id": "0x000", "priority": "MAXIMUM"}
[2025-11-10 01:24:20.659] [CAN] [CRITICAL] ATTACK: 0x000 FLOOD #10 - Arbitration Lock Active | Data: {"id": "0x000", "priority": "MAXIMUM"}
[2025-11-10 01:24:20.659] [CAN] [ERROR] BLOCKED: BMS (ID=0x1F0) - Arbitration Lost | Data: {"id": "0x1F0", "ecu": "BMS", "reason": "Arbitration Lost to 0x000"}
[2025-11-10 01:24:20.660] [CAN] [ERROR] BLOCKED: ABS (ID=0x100) - Arbitration Lost | Data: {"id": "0x100", "ecu": "ABS", "reason": "Arbitration Lost to 0x000"}
[2025-11-10 01:24:20.662] [CAN] [ERROR] BLOCKED: TCM (ID=0x200) - Arbitration Lost | Data: {"id": "0x200", "ecu": "TCM", "reason": "Arbitration Lost to 0x000"}
[2025-11-10 01:24:20.662] [CAN] [ERROR] BLOCKED: ECM (ID=0x250) - Arbitration Lost | Data: {"id": "0x250", "ecu": "ECM", "reason": "Arbitration Lost to 0x000"}
[2025-11-10 01:24:20.663] [CAN] [ERROR] BLOCKED: HVAC (ID=0x300) - Arbitration Lost | Data: {"id": "0x300", "ecu": "HVAC", "reason": "Arbitration Lost to 0x000"}
[2025-11-10 01:24:20.663] [GPS] [CRITICAL] ANOMALY DETECTED: Vehicle moving at 81 km/h but charging! SoC: 100.0% | Data: {"lat": 41.009668000000005, "lon": 28.979868, "speed": 81, "soc": 100, "anomaly": true}
[2025-11-10 01:24:20.664] [ATTACK] [CRITICAL] CAN BUS OVERLOAD: Bus load 98% - 15 ECUs blocked | Data: {"bus_load": 98, "blocked_ecus": 15, "attack_active": true}
[2025-11-10 01:24:21.665] [GPS] [CRITICAL] ANOMALY DETECTED: Vehicle moving at 72 km/h but charging! SoC: 100.0% | Data: {"lat": 41.009956, "lon": 28.980156, "speed": 72, "soc": 100, "anomaly": true}
[2025-11-10 01:24:22.166] [ATTACK] [CRITICAL] Stage 3 START: CAN bus DoS attack - 0x000 ID arbitration lock | Data: {"stage": 3, "attack_type": "CAN DoS", "method": "0x000 Priority Flood"}
[2025-11-10 01:24:22.667] [ATTACK] [WARNING] VEHICLE CONNECTED: Rootkit activated - Accessing CAN transceiver via charging cable | Data: {"vehicle_connected": true, "can_access": "via_charging_cable"}
[2025-11-10 01:24:23.170] [CAN] [CRITICAL] ATTACK: 0x000 FLOOD #1 - Arbitration Lock Active | Data: {"id": "0x000", "priority": "MAXIMUM"}
[2025-11-10 01:24:23.170] [CAN] [CRITICAL] ATTACK: 0x000 FLOOD #2 - Arbitration Lock Active | Data: {"id": "0x000", "priority": "MAXIMUM"}
[2025-11-10 01:24:23.171] [CAN] [CRITICAL] ATTACK: 0x000 FLOOD #3 - Arbitration Lock Active | Data: {"id": "0x000", "priority": "MAXIMUM"}
[2025-11-10 01:24:23.172] [CAN] [CRITICAL] ATTACK: 0x000 FLOOD #4 - Arbitration Lock Active | Data: {"id": "0x000", "priority": "MAXIMUM"}
[2025-11-10 01:24:23.174] [CAN] [CRITICAL] ATTACK: 0x000 FLOOD #5 - Arbitration Lock Active | Data: {"id": "0x000", "priority": "MAXIMUM"}
[2025-11-10 01:24:23.174] [CAN] [CRITICAL] ATTACK: 0x000 FLOOD #6 - Arbitration Lock Active | Data: {"id": "0x000", "priority": "MAXIMUM"}
[2025-11-10 01:24:23.175] [CAN] [CRITICAL] ATTACK: 0x000 FLOOD #7 - Arbitration Lock Active | Data: {"id": "0x000", "priority": "MAXIMUM"}
[2025-11-10 01:24:23.175] [CAN] [CRITICAL] ATTACK: 0x000 FLOOD #8 - Arbitration Lock Active | Data: {"id": "0x000", "priority": "MAXIMUM"}
[2025-11-10 01:24:23.176] [CAN] [CRITICAL] ATTACK: 0x000 FLOOD #9 - Arbitration Lock Active | Data: {"id": "0x000", "priority": "MAXIMUM"}
[2025-11-10 01:24:23.176] [CAN] [CRITICAL] ATTACK: 0x000 FLOOD #10 - Arbitration Lock Active | Data: {"id": "0x000", "priority": "MAXIMUM"}
[2025-11-10 01:24:23.177] [CAN] [ERROR] BLOCKED: BMS (ID=0x1F0) - Arbitration Lost | Data: {"id": "0x1F0", "ecu": "BMS", "reason": "Arbitration Lost to 0x000"}
[2025-11-10 01:24:23.177] [CAN] [ERROR] BLOCKED: ABS (ID=0x100) - Arbitration Lost | Data: {"id": "0x100", "ecu": "ABS", "reason": "Arbitration Lost to 0x000"}
[2025-11-10 01:24:23.178] [CAN] [ERROR] BLOCKED: TCM (ID=0x200) - Arbitration Lost | Data: {"id": "0x200", "ecu": "TCM", "reason": "Arbitration Lost to 0x000"}
[2025-11-10 01:24:23.179] [CAN] [ERROR] BLOCKED: ECM (ID=0x250) - Arbitration Lost | Data: {"id": "0x250", "ecu": "ECM", "reason": "Arbitration Lost to 0x000"}
[2025-11-10 01:24:23.180] [CAN] [ERROR] BLOCKED: HVAC (ID=0x300) - Arbitration Lost | Data: {"id": "0x300", "ecu": "HVAC", "reason": "Arbitration Lost to 0x000"}
[2025-11-10 01:24:23.180] [GPS] [CRITICAL] ANOMALY DETECTED: Vehicle moving at 85 km/h but charging! SoC: 100.0% | Data: {"lat": 41.010296000000004, "lon": 28.980496000000002, "speed": 85, "soc": 100, "anomaly": true}
[2025-11-10 01:24:23.181] [ATTACK] [CRITICAL] CAN BUS OVERLOAD: Bus load 98% - 20 ECUs blocked | Data: {"bus_load": 98, "blocked_ecus": 20, "attack_active": true}
[2025-11-10 01:24:24.183] [GPS] [CRITICAL] ANOMALY DETECTED: Vehicle moving at 52 km/h but charging! SoC: 100.0% | Data: {"lat": 41.010504000000005, "lon": 28.980704000000003, "speed": 52, "soc": 100, "anomaly": true}
[2025-11-10 01:24:24.685] [ATTACK] [CRITICAL] Stage 3 START: CAN bus DoS attack - 0x000 ID arbitration lock | Data: {"stage": 3, "attack_type": "CAN DoS", "method": "0x000 Priority Flood"}
[2025-11-10 01:24:25.187] [ATTACK] [WARNING] VEHICLE CONNECTED: Rootkit activated - Accessing CAN transceiver via charging cable | Data: {"vehicle_connected": true, "can_access": "via_charging_cable"}
[2025-11-10 01:24:25.688] [CAN] [CRITICAL] ATTACK: 0x000 FLOOD #1 - Arbitration Lock Active | Data: {"id": "0x000", "priority": "MAXIMUM"}
[2025-11-10 01:24:25.688] [CAN] [CRITICAL] ATTACK: 0x000 FLOOD #2 - Arbitration Lock Active | Data: {"id": "0x000", "priority": "MAXIMUM"}
[2025-11-10 01:24:25.689] [CAN] [CRITICAL] ATTACK: 0x000 FLOOD #3 - Arbitration Lock Active | Data: {"id": "0x000", "priority": "MAXIMUM"}
[2025-11-10 01:24:25.690] [CAN] [CRITICAL] ATTACK: 0x000 FLOOD #4 - Arbitration Lock Active | Data: {"id": "0x000", "priority": "MAXIMUM"}
[2025-11-10 01:24:25.691] [CAN] [CRITICAL] ATTACK: 0x000 FLOOD #5 - Arbitration Lock Active | Data: {"id": "0x000", "priority": "MAXIMUM"}
[2025-11-10 01:24:25.691] [CAN] [CRITICAL] ATTACK: 0x000 FLOOD #6 - Arbitration Lock Active | Data: {"id": "0x000", "priority": "MAXIMUM"}
[2025-11-10 01:24:25.692] [CAN] [CRITICAL] ATTACK: 0x000 FLOOD #7 - Arbitration Lock Active | Data: {"id": "0x000", "priority": "MAXIMUM"}
[2025-11-10 01:24:25.692] [CAN] [CRITICAL] ATTACK: 0x000 FLOOD #8 - Arbitration Lock Active | Data: {"id": "0x000", "priority": "MAXIMUM"}
[2025-11-10 01:24:25.693] [CAN] [CRITICAL] ATTACK: 0x000 FLOOD #9 - Arbitration Lock Active | Data: {"id": "0x000", "priority": "MAXIMUM"}
[2025-11-10 01:24:25.693] [CAN] [CRITICAL] ATTACK: 0x000 FLOOD #10 - Arbitration Lock Active | Data: {"id": "0x000", "priority": "MAXIMUM"}
[2025-11-10 01:24:25.694] [CAN] [ERROR] BLOCKED: BMS (ID=0x1F0) - Arbitration Lost | Data: {"id": "0x1F0", "ecu": "BMS", "reason": "Arbitration Lost to 0x000"}
[2025-11-10 01:24:25.695] [CAN] [ERROR] BLOCKED: ABS (ID=0x100) - Arbitration Lost | Data: {"id": "0x100", "ecu": "ABS", "reason": "Arbitration Lost to 0x000"}
[2025-11-10 01:24:25.695] [CAN] [ERROR] BLOCKED: TCM (ID=0x200) - Arbitration Lost | Data: {"id": "0x200", "ecu": "TCM", "reason": "Arbitration Lost to 0x000"}
[2025-11-10 01:24:25.696] [CAN] [ERROR] BLOCKED: ECM (ID=0x250) - Arbitration Lost | Data: {"id": "0x250", "ecu": "ECM", "reason": "Arbitration Lost to 0x000"}
[2025-11-10 01:24:25.696] [CAN] [ERROR] BLOCKED: HVAC (ID=0x300) - Arbitration Lost | Data: {"id": "0x300", "ecu": "HVAC", "reason": "Arbitration Lost to 0x000"}
[2025-11-10 01:24:25.698] [GPS] [CRITICAL] ANOMALY DETECTED: Vehicle moving at 66 km/h but charging! SoC: 100.0% | Data: {"lat": 41.010768000000006, "lon": 28.980968000000004, "speed": 66, "soc": 100, "anomaly": true}
[2025-11-10 01:24:25.699] [ATTACK] [CRITICAL] CAN BUS OVERLOAD: Bus load 98% - 25 ECUs blocked | Data: {"bus_load": 98, "blocked_ecus": 25, "attack_active": true}
[2025-11-10 01:24:26.700] [GPS] [CRITICAL] ANOMALY DETECTED: Vehicle moving at 73 km/h but charging! SoC: 100.0% | Data: {"lat": 41.01106000000001, "lon": 28.981260000000006, "speed": 73, "soc": 100, "anomaly": true}
[2025-11-10 01:24:27.201] [ATTACK] [CRITICAL] Stage 3 START: CAN bus DoS attack - 0x000 ID arbitration lock | Data: {"stage": 3, "attack_type": "CAN DoS", "method": "0x000 Priority Flood"}
[2025-11-10 01:24:27.703] [ATTACK] [WARNING] VEHICLE CONNECTED: Rootkit activated - Accessing CAN transceiver via charging cable | Data: {"vehicle_connected": true, "can_access": "via_charging_cable"}
[2025-11-10 01:24:28.204] [CAN] [CRITICAL] ATTACK: 0x000 FLOOD #1 - Arbitration Lock Active | Data: {"id": "0x000", "priority": "MAXIMUM"}
[2025-11-10 01:24:28.204] [CAN] [CRITICAL] ATTACK: 0x000 FLOOD #2 - Arbitration Lock Active | Data: {"id": "0x000", "priority": "MAXIMUM"}
[2025-11-10 01:24:28.205] [CAN] [CRITICAL] ATTACK: 0x000 FLOOD #3 - Arbitration Lock Active | Data: {"id": "0x000", "priority": "MAXIMUM"}
[2025-11-10 01:24:28.206] [CAN] [CRITICAL] ATTACK: 0x000 FLOOD #4 - Arbitration Lock Active | Data: {"id": "0x000", "priority": "MAXIMUM"}
[2025-11-10 01:24:28.206] [CAN] [CRITICAL] ATTACK: 0x000 FLOOD #5 - Arbitration Lock Active | Data: {"id": "0x000", "priority": "MAXIMUM"}
[2025-11-10 01:24:28.207] [CAN] [CRITICAL] ATTACK: 0x000 FLOOD #6 - Arbitration Lock Active | Data: {"id": "0x000", "priority": "MAXIMUM"}
[2025-11-10 01:24:28.207] [CAN] [CRITICAL] ATTACK: 0x000 FLOOD #7 - Arbitration Lock Active | Data: {"id": "0x000", "priority": "MAXIMUM"}
[2025-11-10 01:24:28.208] [CAN] [CRITICAL] ATTACK: 0x000 FLOOD #8 - Arbitration Lock Active | Data: {"id": "0x000", "priority": "MAXIMUM"}
[2025-11-10 01:24:28.209] [CAN] [CRITICAL] ATTACK: 0x000 FLOOD #9 - Arbitration Lock Active | Data: {"id": "0x000", "priority": "MAXIMUM"}
[2025-11-10 01:24:28.209] [CAN] [CRITICAL] ATTACK: 0x000 FLOOD #10 - Arbitration Lock Active | Data: {"id": "0x000", "priority": "MAXIMUM"}
[2025-11-10 01:24:28.210] [CAN] [ERROR] BLOCKED: BMS (ID=0x1F0) - Arbitration Lost | Data: {"id": "0x1F0", "ecu": "BMS", "reason": "Arbitration Lost to 0x000"}
[2025-11-10 01:24:28.211] [CAN] [ERROR] BLOCKED: ABS (ID=0x100) - Arbitration Lost | Data: {"id": "0x100", "ecu": "ABS", "reason": "Arbitration Lost to 0x000"}
[2025-11-10 01:24:28.212] [CAN] [ERROR] BLOCKED: TCM (ID=0x200) - Arbitration Lost | Data: {"id": "0x200", "ecu": "TCM", "reason": "Arbitration Lost to 0x000"}
[2025-11-10 01:24:28.212] [CAN] [ERROR] BLOCKED: ECM (ID=0x250) - Arbitration Lost | Data: {"id": "0x250", "ecu": "ECM", "reason": "Arbitration Lost to 0x000"}
[2025-11-10 01:24:28.212] [CAN] [ERROR] BLOCKED: HVAC (ID=0x300) - Arbitration Lost | Data: {"id": "0x300", "ecu": "HVAC", "reason": "Arbitration Lost to 0x000"}
[2025-11-10 01:24:28.214] [GPS] [CRITICAL] ANOMALY DETECTED: Vehicle moving at 79 km/h but charging! SoC: 100.0% | Data: {"lat": 41.011376000000006, "lon": 28.981576000000008, "speed": 79, "soc": 100, "anomaly": true}
[2025-11-10 01:24:28.214] [ATTACK] [CRITICAL] CAN BUS OVERLOAD: Bus load 98% - 30 ECUs blocked | Data: {"bus_load": 98, "blocked_ecus": 30, "attack_active": true}
[2025-11-10 01:24:29.216] [GPS] [CRITICAL] ANOMALY DETECTED: Vehicle moving at 61 km/h but charging! SoC: 100.0% | Data: {"lat": 41.01162000000001, "lon": 28.981820000000006, "speed": 61, "soc": 100, "anomaly": true}
[2025-11-10 01:24:29.719] [SIMULATION] [INFO] >>> STAGE 4: Hard Brick - P-DoS <<< | Data: {"stage": 4, "duration": 15}
[2025-11-10 01:24:29.719] [ATTACK] [CRITICAL] Stage 4 START: Hard Brick - Permanent Denial of Service (P-DoS) | Data: {"stage": 4, "attack_type": "P-DoS", "severity": "CRITICAL"}
[2025-11-10 01:24:30.021] [VEHICLE] [CRITICAL] DTC GENERATED: U0100 - Lost Communication With ECM/PCM | Data: {"dtc": "U0100", "description": "Lost Communication With ECM/PCM", "severity": "CRITICAL"}
[2025-11-10 01:24:30.323] [VEHICLE] [CRITICAL] DTC GENERATED: U0121 - Lost Communication With ABS Control Module | Data: {"dtc": "U0121", "description": "Lost Communication With ABS Control Module", "severity": "CRITICAL"}
[2025-11-10 01:24:30.625] [VEHICLE] [CRITICAL] DTC GENERATED: U0155 - Lost Communication With Battery Management System | Data: {"dtc": "U0155", "description": "Lost Communication With Battery Management System", "severity": "CRITICAL"}
[2025-11-10 01:24:30.926] [VEHICLE] [CRITICAL] DTC GENERATED: U0164 - Lost Communication With HVAC Control Module | Data: {"dtc": "U0164", "description": "Lost Communication With HVAC Control Module", "severity": "HIGH"}
[2025-11-10 01:24:31.227] [VEHICLE] [CRITICAL] DTC GENERATED: U0195 - Lost Communication With Transmission Control Module | Data: {"dtc": "U0195", "description": "Lost Communication With Transmission Control Module", "severity": "CRITICAL"}
[2025-11-10 01:24:32.228] [ATTACK] [CRITICAL] HARD BRICK COMPLETE: Vehicle inoperable - Requires physical intervention | Data: {"status": "BRICKED", "dtc_count": 5, "recovery": "Physical service required"}
[2025-11-10 01:24:32.230] [ATTACK] [CRITICAL] P-DoS SUCCESSFUL: Permanent damage inflicted - Attack demonstration complete | Data: {"attack_complete": true, "damage": "Permanent", "cost": "High"}
[2025-11-10 01:24:32.231] [SIMULATION] [INFO] === EVSE P-DoS SIMULATION COMPLETED === | Data: {"stages_completed": 5}
